2019-07-28 00:18:18,057 INFO 5416 [egg:logger] init all loggers with options: {"dir":"C:\\Users\\Dragon-PC\\Desktop\\eggDemo\\logs\\eggDemo","encoding":"utf8","env":"local","level":"INFO","consoleLevel":"INFO","disableConsoleAfterReady":false,"outputJSON":false,"buffer":true,"appLogName":"eggDemo-web.log","coreLogName":"egg-web.log","agentLogName":"egg-agent.log","errorLogName":"common-error.log","coreLogger":{"consoleLevel":"WARN"},"allowDebugAtProd":false,"type":"application"}
2019-07-28 00:18:18,083 INFO 5416 [egg-multipart] stream mode enable
2019-07-28 00:18:18,130 INFO 5416 [egg-static] starting static serve /public/ -> C:\Users\Dragon-PC\Desktop\eggDemo\app\public
2019-07-28 00:18:18,132 INFO 5416 [egg-security] use csrf middleware
2019-07-28 00:18:18,133 INFO 5416 [egg-security] use methodnoallow middleware
2019-07-28 00:18:18,133 INFO 5416 [egg-security] use noopen middleware
2019-07-28 00:18:18,134 INFO 5416 [egg-security] use nosniff middleware
2019-07-28 00:18:18,134 INFO 5416 [egg-security] use xssProtection middleware
2019-07-28 00:18:18,134 INFO 5416 [egg-security] use xframe middleware
2019-07-28 00:18:18,135 INFO 5416 [egg-security] use dta middleware
2019-07-28 00:18:18,135 INFO 5416 [egg-security] compose 7 middlewares into one security middleware
2019-07-28 00:18:18,141 INFO 5416 [egg:core] dump config after load, 4ms
2019-07-28 00:18:18,153 INFO 5416 [egg-watcher:application] watcher start success
2019-07-28 00:18:18,158 INFO 5416 [egg:core] dump config after ready, 3ms
2019-07-28 00:56:53,139 INFO 6900 [egg:logger] init all loggers with options: {"dir":"C:\\Users\\Dragon-PC\\Desktop\\eggDemo\\logs\\eggDemo","encoding":"utf8","env":"local","level":"INFO","consoleLevel":"INFO","disableConsoleAfterReady":false,"outputJSON":false,"buffer":true,"appLogName":"eggDemo-web.log","coreLogName":"egg-web.log","agentLogName":"egg-agent.log","errorLogName":"common-error.log","coreLogger":{"consoleLevel":"WARN"},"allowDebugAtProd":false,"type":"application"}
2019-07-28 00:56:53,167 INFO 6900 [egg-multipart] stream mode enable
2019-07-28 00:56:53,211 INFO 6900 [egg-static] starting static serve /public/ -> C:\Users\Dragon-PC\Desktop\eggDemo\app\public
2019-07-28 00:56:53,213 INFO 6900 [egg-security] use csrf middleware
2019-07-28 00:56:53,214 INFO 6900 [egg-security] use methodnoallow middleware
2019-07-28 00:56:53,214 INFO 6900 [egg-security] use noopen middleware
2019-07-28 00:56:53,215 INFO 6900 [egg-security] use nosniff middleware
2019-07-28 00:56:53,215 INFO 6900 [egg-security] use xssProtection middleware
2019-07-28 00:56:53,215 INFO 6900 [egg-security] use xframe middleware
2019-07-28 00:56:53,216 INFO 6900 [egg-security] use dta middleware
2019-07-28 00:56:53,216 INFO 6900 [egg-security] compose 7 middlewares into one security middleware
2019-07-28 00:56:53,232 INFO 6900 [egg:core] dump config after load, 14ms
2019-07-28 00:56:53,244 INFO 6900 [egg-watcher:application] watcher start success
2019-07-28 00:56:53,260 INFO 6900 [egg:core] dump config after ready, 15ms
2019-07-28 00:58:10,401 INFO 3332 [egg:logger] init all loggers with options: {"dir":"C:\\Users\\Dragon-PC\\Desktop\\eggDemo\\logs\\eggDemo","encoding":"utf8","env":"local","level":"INFO","consoleLevel":"INFO","disableConsoleAfterReady":false,"outputJSON":false,"buffer":true,"appLogName":"eggDemo-web.log","coreLogName":"egg-web.log","agentLogName":"egg-agent.log","errorLogName":"common-error.log","coreLogger":{"consoleLevel":"WARN"},"allowDebugAtProd":false,"type":"application"}
2019-07-28 00:58:10,428 INFO 3332 [egg-multipart] stream mode enable
2019-07-28 00:58:10,478 INFO 3332 [egg-static] starting static serve /public/ -> C:\Users\Dragon-PC\Desktop\eggDemo\app\public
2019-07-28 00:58:10,481 INFO 3332 [egg-security] use csrf middleware
2019-07-28 00:58:10,481 INFO 3332 [egg-security] use methodnoallow middleware
2019-07-28 00:58:10,482 INFO 3332 [egg-security] use noopen middleware
2019-07-28 00:58:10,482 INFO 3332 [egg-security] use nosniff middleware
2019-07-28 00:58:10,483 INFO 3332 [egg-security] use xssProtection middleware
2019-07-28 00:58:10,483 INFO 3332 [egg-security] use xframe middleware
2019-07-28 00:58:10,483 INFO 3332 [egg-security] use dta middleware
2019-07-28 00:58:10,483 INFO 3332 [egg-security] compose 7 middlewares into one security middleware
2019-07-28 00:58:10,500 INFO 3332 [egg:core] dump config after load, 12ms
2019-07-28 00:58:10,511 INFO 3332 [egg-watcher:application] watcher start success
2019-07-28 00:58:10,527 INFO 3332 [egg:core] dump config after ready, 15ms
2019-07-28 01:00:10,588 INFO 4100 [egg:logger] init all loggers with options: {"dir":"C:\\Users\\Dragon-PC\\Desktop\\eggDemo\\logs\\eggDemo","encoding":"utf8","env":"local","level":"INFO","consoleLevel":"INFO","disableConsoleAfterReady":false,"outputJSON":false,"buffer":true,"appLogName":"eggDemo-web.log","coreLogName":"egg-web.log","agentLogName":"egg-agent.log","errorLogName":"common-error.log","coreLogger":{"consoleLevel":"WARN"},"allowDebugAtProd":false,"type":"application"}
2019-07-28 01:00:10,613 INFO 4100 [egg-multipart] stream mode enable
2019-07-28 01:00:10,660 INFO 4100 [egg-static] starting static serve /public/ -> C:\Users\Dragon-PC\Desktop\eggDemo\app\public
2019-07-28 01:00:10,662 INFO 4100 [egg-security] use csrf middleware
2019-07-28 01:00:10,663 INFO 4100 [egg-security] use methodnoallow middleware
2019-07-28 01:00:10,663 INFO 4100 [egg-security] use noopen middleware
2019-07-28 01:00:10,664 INFO 4100 [egg-security] use nosniff middleware
2019-07-28 01:00:10,664 INFO 4100 [egg-security] use xssProtection middleware
2019-07-28 01:00:10,665 INFO 4100 [egg-security] use xframe middleware
2019-07-28 01:00:10,665 INFO 4100 [egg-security] use dta middleware
2019-07-28 01:00:10,665 INFO 4100 [egg-security] compose 7 middlewares into one security middleware
2019-07-28 01:00:10,682 INFO 4100 [egg:core] dump config after load, 14ms
2019-07-28 01:00:10,691 INFO 4100 [egg-watcher:application] watcher start success
2019-07-28 01:00:10,708 INFO 4100 [egg:core] dump config after ready, 15ms
2019-07-28 01:01:30,024 INFO 7320 [egg:logger] init all loggers with options: {"dir":"C:\\Users\\Dragon-PC\\Desktop\\eggDemo\\logs\\eggDemo","encoding":"utf8","env":"local","level":"INFO","consoleLevel":"INFO","disableConsoleAfterReady":false,"outputJSON":false,"buffer":true,"appLogName":"eggDemo-web.log","coreLogName":"egg-web.log","agentLogName":"egg-agent.log","errorLogName":"common-error.log","coreLogger":{"consoleLevel":"WARN"},"allowDebugAtProd":false,"type":"application"}
2019-07-28 01:01:30,051 INFO 7320 [egg-multipart] stream mode enable
2019-07-28 01:01:30,101 INFO 7320 [egg-static] starting static serve /public/ -> C:\Users\Dragon-PC\Desktop\eggDemo\app\public
2019-07-28 01:01:30,103 INFO 7320 [egg-security] use csrf middleware
2019-07-28 01:01:30,104 INFO 7320 [egg-security] use methodnoallow middleware
2019-07-28 01:01:30,104 INFO 7320 [egg-security] use noopen middleware
2019-07-28 01:01:30,105 INFO 7320 [egg-security] use nosniff middleware
2019-07-28 01:01:30,105 INFO 7320 [egg-security] use xssProtection middleware
2019-07-28 01:01:30,105 INFO 7320 [egg-security] use xframe middleware
2019-07-28 01:01:30,106 INFO 7320 [egg-security] use dta middleware
2019-07-28 01:01:30,106 INFO 7320 [egg-security] compose 7 middlewares into one security middleware
2019-07-28 01:01:30,121 INFO 7320 [egg:core] dump config after load, 12ms
2019-07-28 01:01:30,131 INFO 7320 [egg-watcher:application] watcher start success
2019-07-28 01:01:30,147 INFO 7320 [egg:core] dump config after ready, 14ms
2019-07-28 01:01:40,437 INFO 7432 [egg:logger] init all loggers with options: {"dir":"C:\\Users\\Dragon-PC\\Desktop\\eggDemo\\logs\\eggDemo","encoding":"utf8","env":"local","level":"INFO","consoleLevel":"INFO","disableConsoleAfterReady":false,"outputJSON":false,"buffer":true,"appLogName":"eggDemo-web.log","coreLogName":"egg-web.log","agentLogName":"egg-agent.log","errorLogName":"common-error.log","coreLogger":{"consoleLevel":"WARN"},"allowDebugAtProd":false,"type":"application"}
2019-07-28 01:01:40,463 INFO 7432 [egg-multipart] stream mode enable
2019-07-28 01:01:40,523 INFO 7432 [egg-static] starting static serve /public/ -> C:\Users\Dragon-PC\Desktop\eggDemo\app\public
2019-07-28 01:01:40,526 INFO 7432 [egg-security] use csrf middleware
2019-07-28 01:01:40,526 INFO 7432 [egg-security] use methodnoallow middleware
2019-07-28 01:01:40,527 INFO 7432 [egg-security] use noopen middleware
2019-07-28 01:01:40,527 INFO 7432 [egg-security] use nosniff middleware
2019-07-28 01:01:40,528 INFO 7432 [egg-security] use xssProtection middleware
2019-07-28 01:01:40,528 INFO 7432 [egg-security] use xframe middleware
2019-07-28 01:01:40,528 INFO 7432 [egg-security] use dta middleware
2019-07-28 01:01:40,528 INFO 7432 [egg-security] compose 7 middlewares into one security middleware
2019-07-28 01:01:40,551 INFO 7432 [egg:core] dump config after load, 18ms
2019-07-28 01:01:40,569 INFO 7432 [egg-watcher:application] watcher start success
2019-07-28 01:01:40,595 INFO 7432 [egg:core] dump config after ready, 19ms
2019-07-28 01:02:03,535 INFO 6880 [egg:logger] init all loggers with options: {"dir":"C:\\Users\\Dragon-PC\\Desktop\\eggDemo\\logs\\eggDemo","encoding":"utf8","env":"local","level":"INFO","consoleLevel":"INFO","disableConsoleAfterReady":false,"outputJSON":false,"buffer":true,"appLogName":"eggDemo-web.log","coreLogName":"egg-web.log","agentLogName":"egg-agent.log","errorLogName":"common-error.log","coreLogger":{"consoleLevel":"WARN"},"allowDebugAtProd":false,"type":"application"}
2019-07-28 01:02:03,559 INFO 6880 [egg-multipart] stream mode enable
2019-07-28 01:02:03,610 INFO 6880 [egg-static] starting static serve /public/ -> C:\Users\Dragon-PC\Desktop\eggDemo\app\public
2019-07-28 01:02:03,612 INFO 6880 [egg-security] use csrf middleware
2019-07-28 01:02:03,613 INFO 6880 [egg-security] use methodnoallow middleware
2019-07-28 01:02:03,613 INFO 6880 [egg-security] use noopen middleware
2019-07-28 01:02:03,613 INFO 6880 [egg-security] use nosniff middleware
2019-07-28 01:02:03,614 INFO 6880 [egg-security] use xssProtection middleware
2019-07-28 01:02:03,614 INFO 6880 [egg-security] use xframe middleware
2019-07-28 01:02:03,615 INFO 6880 [egg-security] use dta middleware
2019-07-28 01:02:03,615 INFO 6880 [egg-security] compose 7 middlewares into one security middleware
2019-07-28 01:02:03,629 INFO 6880 [egg:core] dump config after load, 12ms
2019-07-28 01:02:03,643 INFO 6880 [egg-watcher:application] watcher start success
2019-07-28 01:02:03,663 INFO 6880 [egg:core] dump config after ready, 15ms
2019-07-28 01:04:02,077 INFO 7760 [egg:logger] init all loggers with options: {"dir":"C:\\Users\\Dragon-PC\\Desktop\\eggDemo\\logs\\eggDemo","encoding":"utf8","env":"local","level":"INFO","consoleLevel":"INFO","disableConsoleAfterReady":false,"outputJSON":false,"buffer":true,"appLogName":"eggDemo-web.log","coreLogName":"egg-web.log","agentLogName":"egg-agent.log","errorLogName":"common-error.log","coreLogger":{"consoleLevel":"WARN"},"allowDebugAtProd":false,"type":"application"}
2019-07-28 01:04:02,103 INFO 7760 [egg-multipart] stream mode enable
2019-07-28 01:04:02,153 INFO 7760 [egg-static] starting static serve /public/ -> C:\Users\Dragon-PC\Desktop\eggDemo\app\public
2019-07-28 01:04:02,156 INFO 7760 [egg-security] use csrf middleware
2019-07-28 01:04:02,156 INFO 7760 [egg-security] use methodnoallow middleware
2019-07-28 01:04:02,157 INFO 7760 [egg-security] use noopen middleware
2019-07-28 01:04:02,157 INFO 7760 [egg-security] use nosniff middleware
2019-07-28 01:04:02,157 INFO 7760 [egg-security] use xssProtection middleware
2019-07-28 01:04:02,158 INFO 7760 [egg-security] use xframe middleware
2019-07-28 01:04:02,158 INFO 7760 [egg-security] use dta middleware
2019-07-28 01:04:02,158 INFO 7760 [egg-security] compose 7 middlewares into one security middleware
2019-07-28 01:04:02,166 INFO 7760 [egg:core] dump config after load, 5ms
2019-07-28 01:04:02,182 INFO 7760 [egg-watcher:application] watcher start success
2019-07-28 01:04:02,191 INFO 7760 [egg:core] dump config after ready, 5ms
2019-07-28 01:04:53,890 INFO 1112 [egg:logger] init all loggers with options: {"dir":"C:\\Users\\Dragon-PC\\Desktop\\eggDemo\\logs\\eggDemo","encoding":"utf8","env":"local","level":"INFO","consoleLevel":"INFO","disableConsoleAfterReady":false,"outputJSON":false,"buffer":true,"appLogName":"eggDemo-web.log","coreLogName":"egg-web.log","agentLogName":"egg-agent.log","errorLogName":"common-error.log","coreLogger":{"consoleLevel":"WARN"},"allowDebugAtProd":false,"type":"application"}
2019-07-28 01:04:53,915 INFO 1112 [egg-multipart] stream mode enable
2019-07-28 01:04:53,963 INFO 1112 [egg-static] starting static serve /public/ -> C:\Users\Dragon-PC\Desktop\eggDemo\app\public
2019-07-28 01:04:53,965 INFO 1112 [egg-security] use csrf middleware
2019-07-28 01:04:53,966 INFO 1112 [egg-security] use methodnoallow middleware
2019-07-28 01:04:53,966 INFO 1112 [egg-security] use noopen middleware
2019-07-28 01:04:53,966 INFO 1112 [egg-security] use nosniff middleware
2019-07-28 01:04:53,967 INFO 1112 [egg-security] use xssProtection middleware
2019-07-28 01:04:53,967 INFO 1112 [egg-security] use xframe middleware
2019-07-28 01:04:53,967 INFO 1112 [egg-security] use dta middleware
2019-07-28 01:04:53,967 INFO 1112 [egg-security] compose 7 middlewares into one security middleware
2019-07-28 01:04:53,982 INFO 1112 [egg:core] dump config after load, 12ms
2019-07-28 01:04:53,993 INFO 1112 [egg-watcher:application] watcher start success
2019-07-28 01:04:54,011 INFO 1112 [egg:core] dump config after ready, 14ms
2019-07-28 01:05:30,828 INFO 1112 [egg-view-nunjucks] loading templates from ["C:\\Users\\Dragon-PC\\Desktop\\eggDemo\\app\\view"]
2019-07-28 01:06:54,775 INFO 5708 [egg:logger] init all loggers with options: {"dir":"C:\\Users\\Dragon-PC\\Desktop\\eggDemo\\logs\\eggDemo","encoding":"utf8","env":"local","level":"INFO","consoleLevel":"INFO","disableConsoleAfterReady":false,"outputJSON":false,"buffer":true,"appLogName":"eggDemo-web.log","coreLogName":"egg-web.log","agentLogName":"egg-agent.log","errorLogName":"common-error.log","coreLogger":{"consoleLevel":"WARN"},"allowDebugAtProd":false,"type":"application"}
2019-07-28 01:06:54,801 INFO 5708 [egg-multipart] stream mode enable
2019-07-28 01:06:54,854 INFO 5708 [egg-static] starting static serve /public/ -> C:\Users\Dragon-PC\Desktop\eggDemo\app\public
2019-07-28 01:06:54,856 INFO 5708 [egg-security] use csrf middleware
2019-07-28 01:06:54,857 INFO 5708 [egg-security] use methodnoallow middleware
2019-07-28 01:06:54,858 INFO 5708 [egg-security] use noopen middleware
2019-07-28 01:06:54,859 INFO 5708 [egg-security] use nosniff middleware
2019-07-28 01:06:54,859 INFO 5708 [egg-security] use xssProtection middleware
2019-07-28 01:06:54,860 INFO 5708 [egg-security] use xframe middleware
2019-07-28 01:06:54,860 INFO 5708 [egg-security] use dta middleware
2019-07-28 01:06:54,860 INFO 5708 [egg-security] compose 7 middlewares into one security middleware
2019-07-28 01:06:54,875 INFO 5708 [egg:core] dump config after load, 12ms
2019-07-28 01:06:54,892 INFO 5708 [egg-watcher:application] watcher start success
2019-07-28 01:06:54,912 INFO 5708 [egg:core] dump config after ready, 15ms
2019-07-28 01:07:35,400 INFO 7248 [egg:logger] init all loggers with options: {"dir":"C:\\Users\\Dragon-PC\\Desktop\\eggDemo\\logs\\eggDemo","encoding":"utf8","env":"local","level":"INFO","consoleLevel":"INFO","disableConsoleAfterReady":false,"outputJSON":false,"buffer":true,"appLogName":"eggDemo-web.log","coreLogName":"egg-web.log","agentLogName":"egg-agent.log","errorLogName":"common-error.log","coreLogger":{"consoleLevel":"WARN"},"allowDebugAtProd":false,"type":"application"}
2019-07-28 01:07:35,423 INFO 7248 [egg-multipart] stream mode enable
2019-07-28 01:07:35,470 INFO 7248 [egg-static] starting static serve /public/ -> C:\Users\Dragon-PC\Desktop\eggDemo\app\public
2019-07-28 01:07:35,473 INFO 7248 [egg-security] use csrf middleware
2019-07-28 01:07:35,473 INFO 7248 [egg-security] use methodnoallow middleware
2019-07-28 01:07:35,474 INFO 7248 [egg-security] use noopen middleware
2019-07-28 01:07:35,474 INFO 7248 [egg-security] use nosniff middleware
2019-07-28 01:07:35,475 INFO 7248 [egg-security] use xssProtection middleware
2019-07-28 01:07:35,475 INFO 7248 [egg-security] use xframe middleware
2019-07-28 01:07:35,475 INFO 7248 [egg-security] use dta middleware
2019-07-28 01:07:35,475 INFO 7248 [egg-security] compose 7 middlewares into one security middleware
2019-07-28 01:07:35,483 INFO 7248 [egg:core] dump config after load, 5ms
2019-07-28 01:07:35,498 INFO 7248 [egg-watcher:application] watcher start success
2019-07-28 01:07:35,508 INFO 7248 [egg:core] dump config after ready, 6ms
2019-07-28 01:08:19,442 INFO 7268 [egg:logger] init all loggers with options: {"dir":"C:\\Users\\Dragon-PC\\Desktop\\eggDemo\\logs\\eggDemo","encoding":"utf8","env":"local","level":"INFO","consoleLevel":"INFO","disableConsoleAfterReady":false,"outputJSON":false,"buffer":true,"appLogName":"eggDemo-web.log","coreLogName":"egg-web.log","agentLogName":"egg-agent.log","errorLogName":"common-error.log","coreLogger":{"consoleLevel":"WARN"},"allowDebugAtProd":false,"type":"application"}
2019-07-28 01:08:19,469 INFO 7268 [egg-multipart] stream mode enable
2019-07-28 01:08:19,520 INFO 7268 [egg-static] starting static serve /public/ -> C:\Users\Dragon-PC\Desktop\eggDemo\app\public
2019-07-28 01:08:19,523 INFO 7268 [egg-security] use csrf middleware
2019-07-28 01:08:19,523 INFO 7268 [egg-security] use methodnoallow middleware
2019-07-28 01:08:19,524 INFO 7268 [egg-security] use noopen middleware
2019-07-28 01:08:19,524 INFO 7268 [egg-security] use nosniff middleware
2019-07-28 01:08:19,524 INFO 7268 [egg-security] use xssProtection middleware
2019-07-28 01:08:19,525 INFO 7268 [egg-security] use xframe middleware
2019-07-28 01:08:19,525 INFO 7268 [egg-security] use dta middleware
2019-07-28 01:08:19,525 INFO 7268 [egg-security] compose 7 middlewares into one security middleware
2019-07-28 01:08:19,533 INFO 7268 [egg:core] dump config after load, 5ms
2019-07-28 01:08:19,547 INFO 7268 [egg-watcher:application] watcher start success
2019-07-28 01:08:19,558 INFO 7268 [egg:core] dump config after ready, 6ms
2019-07-28 01:09:28,825 INFO 4536 [egg:logger] init all loggers with options: {"dir":"C:\\Users\\Dragon-PC\\Desktop\\eggDemo\\logs\\eggDemo","encoding":"utf8","env":"local","level":"INFO","consoleLevel":"INFO","disableConsoleAfterReady":false,"outputJSON":false,"buffer":true,"appLogName":"eggDemo-web.log","coreLogName":"egg-web.log","agentLogName":"egg-agent.log","errorLogName":"common-error.log","coreLogger":{"consoleLevel":"WARN"},"allowDebugAtProd":false,"type":"application"}
2019-07-28 01:09:28,848 INFO 4536 [egg-multipart] stream mode enable
2019-07-28 01:09:28,894 INFO 4536 [egg-static] starting static serve /public/ -> C:\Users\Dragon-PC\Desktop\eggDemo\app\public
2019-07-28 01:09:28,896 INFO 4536 [egg-security] use csrf middleware
2019-07-28 01:09:28,897 INFO 4536 [egg-security] use methodnoallow middleware
2019-07-28 01:09:28,897 INFO 4536 [egg-security] use noopen middleware
2019-07-28 01:09:28,898 INFO 4536 [egg-security] use nosniff middleware
2019-07-28 01:09:28,898 INFO 4536 [egg-security] use xssProtection middleware
2019-07-28 01:09:28,899 INFO 4536 [egg-security] use xframe middleware
2019-07-28 01:09:28,900 INFO 4536 [egg-security] use dta middleware
2019-07-28 01:09:28,900 INFO 4536 [egg-security] compose 7 middlewares into one security middleware
2019-07-28 01:09:28,915 INFO 4536 [egg:core] dump config after load, 12ms
2019-07-28 01:09:28,929 INFO 4536 [egg-watcher:application] watcher start success
2019-07-28 01:09:28,947 INFO 4536 [egg:core] dump config after ready, 15ms
2019-07-28 01:09:36,593 INFO 7460 [egg:logger] init all loggers with options: {"dir":"C:\\Users\\Dragon-PC\\Desktop\\eggDemo\\logs\\eggDemo","encoding":"utf8","env":"local","level":"INFO","consoleLevel":"INFO","disableConsoleAfterReady":false,"outputJSON":false,"buffer":true,"appLogName":"eggDemo-web.log","coreLogName":"egg-web.log","agentLogName":"egg-agent.log","errorLogName":"common-error.log","coreLogger":{"consoleLevel":"WARN"},"allowDebugAtProd":false,"type":"application"}
2019-07-28 01:09:36,618 INFO 7460 [egg-multipart] stream mode enable
2019-07-28 01:09:36,668 INFO 7460 [egg-static] starting static serve /public/ -> C:\Users\Dragon-PC\Desktop\eggDemo\app\public
2019-07-28 01:09:36,670 INFO 7460 [egg-security] use csrf middleware
2019-07-28 01:09:36,671 INFO 7460 [egg-security] use methodnoallow middleware
2019-07-28 01:09:36,671 INFO 7460 [egg-security] use noopen middleware
2019-07-28 01:09:36,672 INFO 7460 [egg-security] use nosniff middleware
2019-07-28 01:09:36,672 INFO 7460 [egg-security] use xssProtection middleware
2019-07-28 01:09:36,672 INFO 7460 [egg-security] use xframe middleware
2019-07-28 01:09:36,673 INFO 7460 [egg-security] use dta middleware
2019-07-28 01:09:36,673 INFO 7460 [egg-security] compose 7 middlewares into one security middleware
2019-07-28 01:09:36,690 INFO 7460 [egg:core] dump config after load, 14ms
2019-07-28 01:09:36,705 INFO 7460 [egg-watcher:application] watcher start success
2019-07-28 01:09:36,725 INFO 7460 [egg:core] dump config after ready, 16ms
2019-07-28 01:10:06,425 INFO 7840 [egg:logger] init all loggers with options: {"dir":"C:\\Users\\Dragon-PC\\Desktop\\eggDemo\\logs\\eggDemo","encoding":"utf8","env":"local","level":"INFO","consoleLevel":"INFO","disableConsoleAfterReady":false,"outputJSON":false,"buffer":true,"appLogName":"eggDemo-web.log","coreLogName":"egg-web.log","agentLogName":"egg-agent.log","errorLogName":"common-error.log","coreLogger":{"consoleLevel":"WARN"},"allowDebugAtProd":false,"type":"application"}
2019-07-28 01:10:06,452 INFO 7840 [egg-multipart] stream mode enable
2019-07-28 01:10:06,503 INFO 7840 [egg-static] starting static serve /public/ -> C:\Users\Dragon-PC\Desktop\eggDemo\app\public
2019-07-28 01:10:06,506 INFO 7840 [egg-security] use csrf middleware
2019-07-28 01:10:06,506 INFO 7840 [egg-security] use methodnoallow middleware
2019-07-28 01:10:06,506 INFO 7840 [egg-security] use noopen middleware
2019-07-28 01:10:06,507 INFO 7840 [egg-security] use nosniff middleware
2019-07-28 01:10:06,507 INFO 7840 [egg-security] use xssProtection middleware
2019-07-28 01:10:06,508 INFO 7840 [egg-security] use xframe middleware
2019-07-28 01:10:06,508 INFO 7840 [egg-security] use dta middleware
2019-07-28 01:10:06,508 INFO 7840 [egg-security] compose 7 middlewares into one security middleware
2019-07-28 01:10:06,516 INFO 7840 [egg:core] dump config after load, 5ms
2019-07-28 01:10:06,531 INFO 7840 [egg-watcher:application] watcher start success
2019-07-28 01:10:06,540 INFO 7840 [egg:core] dump config after ready, 5ms
2019-07-28 13:57:07,647 INFO 1232 [egg:logger] init all loggers with options: {"dir":"C:\\Users\\Dragon-PC\\Desktop\\eggDemo\\logs\\eggDemo","encoding":"utf8","env":"local","level":"INFO","consoleLevel":"INFO","disableConsoleAfterReady":false,"outputJSON":false,"buffer":true,"appLogName":"eggDemo-web.log","coreLogName":"egg-web.log","agentLogName":"egg-agent.log","errorLogName":"common-error.log","coreLogger":{"consoleLevel":"WARN"},"allowDebugAtProd":false,"type":"application"}
2019-07-28 13:57:07,707 INFO 1232 [egg-multipart] stream mode enable
2019-07-28 13:57:08,251 INFO 1232 [egg-static] starting static serve /public/ -> C:\Users\Dragon-PC\Desktop\eggDemo\app\public
2019-07-28 13:57:08,253 INFO 1232 [egg-security] use csrf middleware
2019-07-28 13:57:08,254 INFO 1232 [egg-security] use methodnoallow middleware
2019-07-28 13:57:08,255 INFO 1232 [egg-security] use noopen middleware
2019-07-28 13:57:08,256 INFO 1232 [egg-security] use nosniff middleware
2019-07-28 13:57:08,257 INFO 1232 [egg-security] use xssProtection middleware
2019-07-28 13:57:08,257 INFO 1232 [egg-security] use xframe middleware
2019-07-28 13:57:08,258 INFO 1232 [egg-security] use dta middleware
2019-07-28 13:57:08,258 INFO 1232 [egg-security] compose 7 middlewares into one security middleware
2019-07-28 13:57:08,286 INFO 1232 [egg:core] dump config after load, 10ms
2019-07-28 13:57:08,326 INFO 1232 [egg-watcher:application] watcher start success
2019-07-28 13:57:08,336 INFO 1232 [egg:core] dump config after ready, 6ms
2019-07-28 14:29:42,118 INFO 3192 [egg:logger] init all loggers with options: {"dir":"C:\\Users\\Dragon-PC\\Desktop\\eggDemo\\logs\\eggDemo","encoding":"utf8","env":"local","level":"INFO","consoleLevel":"INFO","disableConsoleAfterReady":false,"outputJSON":false,"buffer":true,"appLogName":"eggDemo-web.log","coreLogName":"egg-web.log","agentLogName":"egg-agent.log","errorLogName":"common-error.log","coreLogger":{"consoleLevel":"WARN"},"allowDebugAtProd":false,"type":"application"}
2019-07-28 14:29:42,145 INFO 3192 [egg-multipart] stream mode enable
2019-07-28 14:29:42,208 INFO 3192 [egg-static] starting static serve /public/ -> C:\Users\Dragon-PC\Desktop\eggDemo\app\public
2019-07-28 14:29:42,211 INFO 3192 [egg-security] use csrf middleware
2019-07-28 14:29:42,212 INFO 3192 [egg-security] use methodnoallow middleware
2019-07-28 14:29:42,212 INFO 3192 [egg-security] use noopen middleware
2019-07-28 14:29:42,213 INFO 3192 [egg-security] use nosniff middleware
2019-07-28 14:29:42,213 INFO 3192 [egg-security] use xssProtection middleware
2019-07-28 14:29:42,214 INFO 3192 [egg-security] use xframe middleware
2019-07-28 14:29:42,215 INFO 3192 [egg-security] use dta middleware
2019-07-28 14:29:42,215 INFO 3192 [egg-security] compose 7 middlewares into one security middleware
2019-07-28 14:29:42,224 INFO 3192 [egg:core] dump config after load, 6ms
2019-07-28 14:29:42,240 INFO 3192 [egg-watcher:application] watcher start success
2019-07-28 14:29:42,249 INFO 3192 [egg:core] dump config after ready, 6ms
2019-07-28 14:30:35,168 INFO 2924 [egg:logger] init all loggers with options: {"dir":"C:\\Users\\Dragon-PC\\Desktop\\eggDemo\\logs\\eggDemo","encoding":"utf8","env":"local","level":"INFO","consoleLevel":"INFO","disableConsoleAfterReady":false,"outputJSON":false,"buffer":true,"appLogName":"eggDemo-web.log","coreLogName":"egg-web.log","agentLogName":"egg-agent.log","errorLogName":"common-error.log","coreLogger":{"consoleLevel":"WARN"},"allowDebugAtProd":false,"type":"application"}
2019-07-28 14:30:35,196 INFO 2924 [egg-multipart] stream mode enable
2019-07-28 14:30:35,262 INFO 2924 [egg-static] starting static serve /public/ -> C:\Users\Dragon-PC\Desktop\eggDemo\app\public
2019-07-28 14:30:35,264 INFO 2924 [egg-security] use csrf middleware
2019-07-28 14:30:35,265 INFO 2924 [egg-security] use methodnoallow middleware
2019-07-28 14:30:35,266 INFO 2924 [egg-security] use noopen middleware
2019-07-28 14:30:35,266 INFO 2924 [egg-security] use nosniff middleware
2019-07-28 14:30:35,267 INFO 2924 [egg-security] use xssProtection middleware
2019-07-28 14:30:35,267 INFO 2924 [egg-security] use xframe middleware
2019-07-28 14:30:35,268 INFO 2924 [egg-security] use dta middleware
2019-07-28 14:30:35,268 INFO 2924 [egg-security] compose 7 middlewares into one security middleware
2019-07-28 14:30:35,276 INFO 2924 [egg:core] dump config after load, 5ms
2019-07-28 14:30:35,292 INFO 2924 [egg-watcher:application] watcher start success
2019-07-28 14:30:35,301 INFO 2924 [egg:core] dump config after ready, 6ms
2019-07-28 14:31:48,090 INFO 6564 [egg:logger] init all loggers with options: {"dir":"C:\\Users\\Dragon-PC\\Desktop\\eggDemo\\logs\\eggDemo","encoding":"utf8","env":"local","level":"INFO","consoleLevel":"INFO","disableConsoleAfterReady":false,"outputJSON":false,"buffer":true,"appLogName":"eggDemo-web.log","coreLogName":"egg-web.log","agentLogName":"egg-agent.log","errorLogName":"common-error.log","coreLogger":{"consoleLevel":"WARN"},"allowDebugAtProd":false,"type":"application"}
2019-07-28 14:31:48,142 INFO 6564 [egg-multipart] stream mode enable
2019-07-28 14:31:48,591 INFO 6564 [egg-static] starting static serve /public/ -> C:\Users\Dragon-PC\Desktop\eggDemo\app\public
2019-07-28 14:31:48,597 INFO 6564 [egg-security] use csrf middleware
2019-07-28 14:31:48,600 INFO 6564 [egg-security] use methodnoallow middleware
2019-07-28 14:31:48,603 INFO 6564 [egg-security] use noopen middleware
2019-07-28 14:31:48,607 INFO 6564 [egg-security] use nosniff middleware
2019-07-28 14:31:48,610 INFO 6564 [egg-security] use xssProtection middleware
2019-07-28 14:31:48,613 INFO 6564 [egg-security] use xframe middleware
2019-07-28 14:31:48,616 INFO 6564 [egg-security] use dta middleware
2019-07-28 14:31:48,616 INFO 6564 [egg-security] compose 7 middlewares into one security middleware
2019-07-28 14:31:48,639 INFO 6564 [egg:core] dump config after load, 13ms
2019-07-28 14:31:48,653 INFO 6564 [egg-watcher:application] watcher start success
2019-07-28 14:31:48,672 INFO 6564 [egg:core] dump config after ready, 15ms
2019-07-28 14:32:00,091 INFO 3748 [egg:logger] init all loggers with options: {"dir":"C:\\Users\\Dragon-PC\\Desktop\\eggDemo\\logs\\eggDemo","encoding":"utf8","env":"local","level":"INFO","consoleLevel":"INFO","disableConsoleAfterReady":false,"outputJSON":false,"buffer":true,"appLogName":"eggDemo-web.log","coreLogName":"egg-web.log","agentLogName":"egg-agent.log","errorLogName":"common-error.log","coreLogger":{"consoleLevel":"WARN"},"allowDebugAtProd":false,"type":"application"}
2019-07-28 14:32:00,117 INFO 3748 [egg-multipart] stream mode enable
2019-07-28 14:32:00,175 INFO 3748 [egg-static] starting static serve /public/ -> C:\Users\Dragon-PC\Desktop\eggDemo\app\public
2019-07-28 14:32:00,178 INFO 3748 [egg-security] use csrf middleware
2019-07-28 14:32:00,179 INFO 3748 [egg-security] use methodnoallow middleware
2019-07-28 14:32:00,180 INFO 3748 [egg-security] use noopen middleware
2019-07-28 14:32:00,181 INFO 3748 [egg-security] use nosniff middleware
2019-07-28 14:32:00,182 INFO 3748 [egg-security] use xssProtection middleware
2019-07-28 14:32:00,182 INFO 3748 [egg-security] use xframe middleware
2019-07-28 14:32:00,182 INFO 3748 [egg-security] use dta middleware
2019-07-28 14:32:00,182 INFO 3748 [egg-security] compose 7 middlewares into one security middleware
2019-07-28 14:32:00,200 INFO 3748 [egg:core] dump config after load, 15ms
2019-07-28 14:32:00,217 INFO 3748 [egg-watcher:application] watcher start success
2019-07-28 14:32:00,238 INFO 3748 [egg:core] dump config after ready, 16ms
2019-07-28 14:36:03,943 INFO 5172 [egg:logger] init all loggers with options: {"dir":"C:\\Users\\Dragon-PC\\Desktop\\eggDemo\\logs\\eggDemo","encoding":"utf8","env":"local","level":"INFO","consoleLevel":"INFO","disableConsoleAfterReady":false,"outputJSON":false,"buffer":true,"appLogName":"eggDemo-web.log","coreLogName":"egg-web.log","agentLogName":"egg-agent.log","errorLogName":"common-error.log","coreLogger":{"consoleLevel":"WARN"},"allowDebugAtProd":false,"type":"application"}
2019-07-28 14:36:03,966 INFO 5172 [egg-multipart] stream mode enable
2019-07-28 14:36:04,013 INFO 5172 [egg-static] starting static serve /public/ -> C:\Users\Dragon-PC\Desktop\eggDemo\app\public
2019-07-28 14:36:04,015 INFO 5172 [egg-security] use csrf middleware
2019-07-28 14:36:04,015 INFO 5172 [egg-security] use methodnoallow middleware
2019-07-28 14:36:04,016 INFO 5172 [egg-security] use noopen middleware
2019-07-28 14:36:04,016 INFO 5172 [egg-security] use nosniff middleware
2019-07-28 14:36:04,017 INFO 5172 [egg-security] use xssProtection middleware
2019-07-28 14:36:04,017 INFO 5172 [egg-security] use xframe middleware
2019-07-28 14:36:04,017 INFO 5172 [egg-security] use dta middleware
2019-07-28 14:36:04,017 INFO 5172 [egg-security] compose 7 middlewares into one security middleware
2019-07-28 14:36:04,027 INFO 5172 [egg:core] dump config after load, 5ms
2019-07-28 14:36:04,043 INFO 5172 [egg-watcher:application] watcher start success
2019-07-28 14:36:04,053 INFO 5172 [egg:core] dump config after ready, 7ms
2019-07-28 14:36:59,921 INFO 1952 [egg:logger] init all loggers with options: {"dir":"C:\\Users\\Dragon-PC\\Desktop\\eggDemo\\logs\\eggDemo","encoding":"utf8","env":"local","level":"INFO","consoleLevel":"INFO","disableConsoleAfterReady":false,"outputJSON":false,"buffer":true,"appLogName":"eggDemo-web.log","coreLogName":"egg-web.log","agentLogName":"egg-agent.log","errorLogName":"common-error.log","coreLogger":{"consoleLevel":"WARN"},"allowDebugAtProd":false,"type":"application"}
2019-07-28 14:36:59,951 INFO 1952 [egg-multipart] stream mode enable
2019-07-28 14:37:00,002 INFO 1952 [egg-static] starting static serve /public/ -> C:\Users\Dragon-PC\Desktop\eggDemo\app\public
2019-07-28 14:37:00,004 INFO 1952 [egg-security] use csrf middleware
2019-07-28 14:37:00,005 INFO 1952 [egg-security] use methodnoallow middleware
2019-07-28 14:37:00,005 INFO 1952 [egg-security] use noopen middleware
2019-07-28 14:37:00,006 INFO 1952 [egg-security] use nosniff middleware
2019-07-28 14:37:00,006 INFO 1952 [egg-security] use xssProtection middleware
2019-07-28 14:37:00,006 INFO 1952 [egg-security] use xframe middleware
2019-07-28 14:37:00,007 INFO 1952 [egg-security] use dta middleware
2019-07-28 14:37:00,007 INFO 1952 [egg-security] compose 7 middlewares into one security middleware
2019-07-28 14:37:00,016 INFO 1952 [egg:core] dump config after load, 7ms
2019-07-28 14:37:00,033 INFO 1952 [egg-watcher:application] watcher start success
2019-07-28 14:37:00,042 INFO 1952 [egg:core] dump config after ready, 5ms
2019-07-28 14:37:06,104 INFO 2476 [egg:logger] init all loggers with options: {"dir":"C:\\Users\\Dragon-PC\\Desktop\\eggDemo\\logs\\eggDemo","encoding":"utf8","env":"local","level":"INFO","consoleLevel":"INFO","disableConsoleAfterReady":false,"outputJSON":false,"buffer":true,"appLogName":"eggDemo-web.log","coreLogName":"egg-web.log","agentLogName":"egg-agent.log","errorLogName":"common-error.log","coreLogger":{"consoleLevel":"WARN"},"allowDebugAtProd":false,"type":"application"}
2019-07-28 14:37:06,133 INFO 2476 [egg-multipart] stream mode enable
2019-07-28 14:37:06,187 INFO 2476 [egg-static] starting static serve /public/ -> C:\Users\Dragon-PC\Desktop\eggDemo\app\public
2019-07-28 14:37:06,190 INFO 2476 [egg-security] use csrf middleware
2019-07-28 14:37:06,191 INFO 2476 [egg-security] use methodnoallow middleware
2019-07-28 14:37:06,191 INFO 2476 [egg-security] use noopen middleware
2019-07-28 14:37:06,192 INFO 2476 [egg-security] use nosniff middleware
2019-07-28 14:37:06,192 INFO 2476 [egg-security] use xssProtection middleware
2019-07-28 14:37:06,192 INFO 2476 [egg-security] use xframe middleware
2019-07-28 14:37:06,193 INFO 2476 [egg-security] use dta middleware
2019-07-28 14:37:06,193 INFO 2476 [egg-security] compose 7 middlewares into one security middleware
2019-07-28 14:37:06,208 INFO 2476 [egg:core] dump config after load, 11ms
2019-07-28 14:37:06,224 INFO 2476 [egg-watcher:application] watcher start success
2019-07-28 14:37:06,245 INFO 2476 [egg:core] dump config after ready, 17ms
2019-07-28 14:38:13,912 INFO 5800 [egg:logger] init all loggers with options: {"dir":"C:\\Users\\Dragon-PC\\Desktop\\eggDemo\\logs\\eggDemo","encoding":"utf8","env":"local","level":"INFO","consoleLevel":"INFO","disableConsoleAfterReady":false,"outputJSON":false,"buffer":true,"appLogName":"eggDemo-web.log","coreLogName":"egg-web.log","agentLogName":"egg-agent.log","errorLogName":"common-error.log","coreLogger":{"consoleLevel":"WARN"},"allowDebugAtProd":false,"type":"application"}
2019-07-28 14:38:13,936 INFO 5800 [egg-multipart] stream mode enable
2019-07-28 14:38:13,983 INFO 5800 [egg-static] starting static serve /public/ -> C:\Users\Dragon-PC\Desktop\eggDemo\app\public
2019-07-28 14:38:13,985 INFO 5800 [egg-security] use csrf middleware
2019-07-28 14:38:13,986 INFO 5800 [egg-security] use methodnoallow middleware
2019-07-28 14:38:13,986 INFO 5800 [egg-security] use noopen middleware
2019-07-28 14:38:13,987 INFO 5800 [egg-security] use nosniff middleware
2019-07-28 14:38:13,987 INFO 5800 [egg-security] use xssProtection middleware
2019-07-28 14:38:13,988 INFO 5800 [egg-security] use xframe middleware
2019-07-28 14:38:13,988 INFO 5800 [egg-security] use dta middleware
2019-07-28 14:38:13,988 INFO 5800 [egg-security] compose 7 middlewares into one security middleware
2019-07-28 14:38:14,003 INFO 5800 [egg:core] dump config after load, 11ms
2019-07-28 14:38:14,013 INFO 5800 [egg-watcher:application] watcher start success
2019-07-28 14:38:14,031 INFO 5800 [egg:core] dump config after ready, 15ms
2019-07-28 14:39:02,952 INFO 5672 [egg:logger] init all loggers with options: {"dir":"C:\\Users\\Dragon-PC\\Desktop\\eggDemo\\logs\\eggDemo","encoding":"utf8","env":"local","level":"INFO","consoleLevel":"INFO","disableConsoleAfterReady":false,"outputJSON":false,"buffer":true,"appLogName":"eggDemo-web.log","coreLogName":"egg-web.log","agentLogName":"egg-agent.log","errorLogName":"common-error.log","coreLogger":{"consoleLevel":"WARN"},"allowDebugAtProd":false,"type":"application"}
2019-07-28 14:39:02,976 INFO 5672 [egg-multipart] stream mode enable
2019-07-28 14:39:03,025 INFO 5672 [egg-static] starting static serve /public/ -> C:\Users\Dragon-PC\Desktop\eggDemo\app\public
2019-07-28 14:39:03,028 INFO 5672 [egg-security] use csrf middleware
2019-07-28 14:39:03,028 INFO 5672 [egg-security] use methodnoallow middleware
2019-07-28 14:39:03,028 INFO 5672 [egg-security] use noopen middleware
2019-07-28 14:39:03,029 INFO 5672 [egg-security] use nosniff middleware
2019-07-28 14:39:03,030 INFO 5672 [egg-security] use xssProtection middleware
2019-07-28 14:39:03,030 INFO 5672 [egg-security] use xframe middleware
2019-07-28 14:39:03,030 INFO 5672 [egg-security] use dta middleware
2019-07-28 14:39:03,030 INFO 5672 [egg-security] compose 7 middlewares into one security middleware
2019-07-28 14:39:03,040 INFO 5672 [egg:core] dump config after load, 7ms
2019-07-28 14:39:03,057 INFO 5672 [egg-watcher:application] watcher start success
2019-07-28 14:39:03,066 INFO 5672 [egg:core] dump config after ready, 7ms
2019-07-28 14:39:11,383 INFO 5832 [egg:logger] init all loggers with options: {"dir":"C:\\Users\\Dragon-PC\\Desktop\\eggDemo\\logs\\eggDemo","encoding":"utf8","env":"local","level":"INFO","consoleLevel":"INFO","disableConsoleAfterReady":false,"outputJSON":false,"buffer":true,"appLogName":"eggDemo-web.log","coreLogName":"egg-web.log","agentLogName":"egg-agent.log","errorLogName":"common-error.log","coreLogger":{"consoleLevel":"WARN"},"allowDebugAtProd":false,"type":"application"}
2019-07-28 14:39:11,409 INFO 5832 [egg-multipart] stream mode enable
2019-07-28 14:39:11,459 INFO 5832 [egg-static] starting static serve /public/ -> C:\Users\Dragon-PC\Desktop\eggDemo\app\public
2019-07-28 14:39:11,461 INFO 5832 [egg-security] use csrf middleware
2019-07-28 14:39:11,462 INFO 5832 [egg-security] use methodnoallow middleware
2019-07-28 14:39:11,462 INFO 5832 [egg-security] use noopen middleware
2019-07-28 14:39:11,463 INFO 5832 [egg-security] use nosniff middleware
2019-07-28 14:39:11,463 INFO 5832 [egg-security] use xssProtection middleware
2019-07-28 14:39:11,463 INFO 5832 [egg-security] use xframe middleware
2019-07-28 14:39:11,464 INFO 5832 [egg-security] use dta middleware
2019-07-28 14:39:11,464 INFO 5832 [egg-security] compose 7 middlewares into one security middleware
2019-07-28 14:39:11,472 INFO 5832 [egg:core] dump config after load, 5ms
2019-07-28 14:39:11,486 INFO 5832 [egg-watcher:application] watcher start success
2019-07-28 14:39:11,497 INFO 5832 [egg:core] dump config after ready, 7ms
2019-07-28 14:39:14,738 INFO 5832 [egg-view-nunjucks] loading templates from ["C:\\Users\\Dragon-PC\\Desktop\\eggDemo\\app\\view"]
2019-07-28 14:40:13,746 INFO 144 [egg:logger] init all loggers with options: {"dir":"C:\\Users\\Dragon-PC\\Desktop\\eggDemo\\logs\\eggDemo","encoding":"utf8","env":"local","level":"INFO","consoleLevel":"INFO","disableConsoleAfterReady":false,"outputJSON":false,"buffer":true,"appLogName":"eggDemo-web.log","coreLogName":"egg-web.log","agentLogName":"egg-agent.log","errorLogName":"common-error.log","coreLogger":{"consoleLevel":"WARN"},"allowDebugAtProd":false,"type":"application"}
2019-07-28 14:40:13,772 INFO 144 [egg-multipart] stream mode enable
2019-07-28 14:40:13,824 INFO 144 [egg-static] starting static serve /public/ -> C:\Users\Dragon-PC\Desktop\eggDemo\app\public
2019-07-28 14:40:13,826 INFO 144 [egg-security] use csrf middleware
2019-07-28 14:40:13,827 INFO 144 [egg-security] use methodnoallow middleware
2019-07-28 14:40:13,827 INFO 144 [egg-security] use noopen middleware
2019-07-28 14:40:13,828 INFO 144 [egg-security] use nosniff middleware
2019-07-28 14:40:13,828 INFO 144 [egg-security] use xssProtection middleware
2019-07-28 14:40:13,829 INFO 144 [egg-security] use xframe middleware
2019-07-28 14:40:13,829 INFO 144 [egg-security] use dta middleware
2019-07-28 14:40:13,829 INFO 144 [egg-security] compose 7 middlewares into one security middleware
2019-07-28 14:40:13,845 INFO 144 [egg:core] dump config after load, 13ms
2019-07-28 14:40:13,861 INFO 144 [egg-watcher:application] watcher start success
2019-07-28 14:40:13,883 INFO 144 [egg:core] dump config after ready, 17ms
2019-07-28 14:40:53,710 INFO 6312 [egg:logger] init all loggers with options: {"dir":"C:\\Users\\Dragon-PC\\Desktop\\eggDemo\\logs\\eggDemo","encoding":"utf8","env":"local","level":"INFO","consoleLevel":"INFO","disableConsoleAfterReady":false,"outputJSON":false,"buffer":true,"appLogName":"eggDemo-web.log","coreLogName":"egg-web.log","agentLogName":"egg-agent.log","errorLogName":"common-error.log","coreLogger":{"consoleLevel":"WARN"},"allowDebugAtProd":false,"type":"application"}
2019-07-28 14:40:53,735 INFO 6312 [egg-multipart] stream mode enable
2019-07-28 14:40:53,784 INFO 6312 [egg-static] starting static serve /public/ -> C:\Users\Dragon-PC\Desktop\eggDemo\app\public
2019-07-28 14:40:53,786 INFO 6312 [egg-security] use csrf middleware
2019-07-28 14:40:53,787 INFO 6312 [egg-security] use methodnoallow middleware
2019-07-28 14:40:53,787 INFO 6312 [egg-security] use noopen middleware
2019-07-28 14:40:53,788 INFO 6312 [egg-security] use nosniff middleware
2019-07-28 14:40:53,788 INFO 6312 [egg-security] use xssProtection middleware
2019-07-28 14:40:53,789 INFO 6312 [egg-security] use xframe middleware
2019-07-28 14:40:53,789 INFO 6312 [egg-security] use dta middleware
2019-07-28 14:40:53,789 INFO 6312 [egg-security] compose 7 middlewares into one security middleware
2019-07-28 14:40:53,805 INFO 6312 [egg:core] dump config after load, 12ms
2019-07-28 14:40:53,819 INFO 6312 [egg-watcher:application] watcher start success
2019-07-28 14:40:53,838 INFO 6312 [egg:core] dump config after ready, 15ms
2019-07-28 14:41:24,115 INFO 4448 [egg:logger] init all loggers with options: {"dir":"C:\\Users\\Dragon-PC\\Desktop\\eggDemo\\logs\\eggDemo","encoding":"utf8","env":"local","level":"INFO","consoleLevel":"INFO","disableConsoleAfterReady":false,"outputJSON":false,"buffer":true,"appLogName":"eggDemo-web.log","coreLogName":"egg-web.log","agentLogName":"egg-agent.log","errorLogName":"common-error.log","coreLogger":{"consoleLevel":"WARN"},"allowDebugAtProd":false,"type":"application"}
2019-07-28 14:41:24,140 INFO 4448 [egg-multipart] stream mode enable
2019-07-28 14:41:24,186 INFO 4448 [egg-static] starting static serve /public/ -> C:\Users\Dragon-PC\Desktop\eggDemo\app\public
2019-07-28 14:41:24,188 INFO 4448 [egg-security] use csrf middleware
2019-07-28 14:41:24,189 INFO 4448 [egg-security] use methodnoallow middleware
2019-07-28 14:41:24,189 INFO 4448 [egg-security] use noopen middleware
2019-07-28 14:41:24,190 INFO 4448 [egg-security] use nosniff middleware
2019-07-28 14:41:24,190 INFO 4448 [egg-security] use xssProtection middleware
2019-07-28 14:41:24,190 INFO 4448 [egg-security] use xframe middleware
2019-07-28 14:41:24,191 INFO 4448 [egg-security] use dta middleware
2019-07-28 14:41:24,191 INFO 4448 [egg-security] compose 7 middlewares into one security middleware
2019-07-28 14:41:24,199 INFO 4448 [egg:core] dump config after load, 5ms
2019-07-28 14:41:24,215 INFO 4448 [egg-watcher:application] watcher start success
2019-07-28 14:41:24,224 INFO 4448 [egg:core] dump config after ready, 6ms
2019-07-28 14:42:01,164 INFO 6356 [egg:logger] init all loggers with options: {"dir":"C:\\Users\\Dragon-PC\\Desktop\\eggDemo\\logs\\eggDemo","encoding":"utf8","env":"local","level":"INFO","consoleLevel":"INFO","disableConsoleAfterReady":false,"outputJSON":false,"buffer":true,"appLogName":"eggDemo-web.log","coreLogName":"egg-web.log","agentLogName":"egg-agent.log","errorLogName":"common-error.log","coreLogger":{"consoleLevel":"WARN"},"allowDebugAtProd":false,"type":"application"}
2019-07-28 14:42:01,189 INFO 6356 [egg-multipart] stream mode enable
2019-07-28 14:42:01,235 INFO 6356 [egg-static] starting static serve /public/ -> C:\Users\Dragon-PC\Desktop\eggDemo\app\public
2019-07-28 14:42:01,238 INFO 6356 [egg-security] use csrf middleware
2019-07-28 14:42:01,238 INFO 6356 [egg-security] use methodnoallow middleware
2019-07-28 14:42:01,238 INFO 6356 [egg-security] use noopen middleware
2019-07-28 14:42:01,239 INFO 6356 [egg-security] use nosniff middleware
2019-07-28 14:42:01,239 INFO 6356 [egg-security] use xssProtection middleware
2019-07-28 14:42:01,240 INFO 6356 [egg-security] use xframe middleware
2019-07-28 14:42:01,240 INFO 6356 [egg-security] use dta middleware
2019-07-28 14:42:01,240 INFO 6356 [egg-security] compose 7 middlewares into one security middleware
2019-07-28 14:42:01,255 INFO 6356 [egg:core] dump config after load, 12ms
2019-07-28 14:42:01,270 INFO 6356 [egg-watcher:application] watcher start success
2019-07-28 14:42:01,289 INFO 6356 [egg:core] dump config after ready, 14ms
2019-07-28 14:42:03,283 INFO 6356 [egg-view-nunjucks] loading templates from ["C:\\Users\\Dragon-PC\\Desktop\\eggDemo\\app\\view"]
2019-07-28 14:42:23,542 INFO 6384 [egg:logger] init all loggers with options: {"dir":"C:\\Users\\Dragon-PC\\Desktop\\eggDemo\\logs\\eggDemo","encoding":"utf8","env":"local","level":"INFO","consoleLevel":"INFO","disableConsoleAfterReady":false,"outputJSON":false,"buffer":true,"appLogName":"eggDemo-web.log","coreLogName":"egg-web.log","agentLogName":"egg-agent.log","errorLogName":"common-error.log","coreLogger":{"consoleLevel":"WARN"},"allowDebugAtProd":false,"type":"application"}
2019-07-28 14:42:23,568 INFO 6384 [egg-multipart] stream mode enable
2019-07-28 14:42:23,623 INFO 6384 [egg-static] starting static serve /public/ -> C:\Users\Dragon-PC\Desktop\eggDemo\app\public
2019-07-28 14:42:23,626 INFO 6384 [egg-security] use csrf middleware
2019-07-28 14:42:23,627 INFO 6384 [egg-security] use methodnoallow middleware
2019-07-28 14:42:23,627 INFO 6384 [egg-security] use noopen middleware
2019-07-28 14:42:23,628 INFO 6384 [egg-security] use nosniff middleware
2019-07-28 14:42:23,628 INFO 6384 [egg-security] use xssProtection middleware
2019-07-28 14:42:23,628 INFO 6384 [egg-security] use xframe middleware
2019-07-28 14:42:23,629 INFO 6384 [egg-security] use dta middleware
2019-07-28 14:42:23,629 INFO 6384 [egg-security] compose 7 middlewares into one security middleware
2019-07-28 14:42:23,637 INFO 6384 [egg:core] dump config after load, 5ms
2019-07-28 14:42:23,654 INFO 6384 [egg-watcher:application] watcher start success
2019-07-28 14:42:23,664 INFO 6384 [egg:core] dump config after ready, 6ms
2019-07-28 14:42:25,199 INFO 6384 [egg-view-nunjucks] loading templates from ["C:\\Users\\Dragon-PC\\Desktop\\eggDemo\\app\\view"]
2019-07-28 14:43:47,254 INFO 5844 [egg:logger] init all loggers with options: {"dir":"C:\\Users\\Dragon-PC\\Desktop\\eggDemo\\logs\\eggDemo","encoding":"utf8","env":"local","level":"INFO","consoleLevel":"INFO","disableConsoleAfterReady":false,"outputJSON":false,"buffer":true,"appLogName":"eggDemo-web.log","coreLogName":"egg-web.log","agentLogName":"egg-agent.log","errorLogName":"common-error.log","coreLogger":{"consoleLevel":"WARN"},"allowDebugAtProd":false,"type":"application"}
2019-07-28 14:43:47,279 INFO 5844 [egg-multipart] stream mode enable
2019-07-28 14:43:47,328 INFO 5844 [egg-static] starting static serve /public/ -> C:\Users\Dragon-PC\Desktop\eggDemo\app\public
2019-07-28 14:43:47,330 INFO 5844 [egg-security] use csrf middleware
2019-07-28 14:43:47,331 INFO 5844 [egg-security] use methodnoallow middleware
2019-07-28 14:43:47,331 INFO 5844 [egg-security] use noopen middleware
2019-07-28 14:43:47,332 INFO 5844 [egg-security] use nosniff middleware
2019-07-28 14:43:47,332 INFO 5844 [egg-security] use xssProtection middleware
2019-07-28 14:43:47,332 INFO 5844 [egg-security] use xframe middleware
2019-07-28 14:43:47,333 INFO 5844 [egg-security] use dta middleware
2019-07-28 14:43:47,333 INFO 5844 [egg-security] compose 7 middlewares into one security middleware
2019-07-28 14:43:47,341 INFO 5844 [egg:core] dump config after load, 6ms
2019-07-28 14:43:47,357 INFO 5844 [egg-watcher:application] watcher start success
2019-07-28 14:43:47,366 INFO 5844 [egg:core] dump config after ready, 5ms
2019-07-28 14:44:31,746 INFO 7000 [egg:logger] init all loggers with options: {"dir":"C:\\Users\\Dragon-PC\\Desktop\\eggDemo\\logs\\eggDemo","encoding":"utf8","env":"local","level":"INFO","consoleLevel":"INFO","disableConsoleAfterReady":false,"outputJSON":false,"buffer":true,"appLogName":"eggDemo-web.log","coreLogName":"egg-web.log","agentLogName":"egg-agent.log","errorLogName":"common-error.log","coreLogger":{"consoleLevel":"WARN"},"allowDebugAtProd":false,"type":"application"}
2019-07-28 14:44:31,776 INFO 7000 [egg-multipart] stream mode enable
2019-07-28 14:44:31,832 INFO 7000 [egg-static] starting static serve /public/ -> C:\Users\Dragon-PC\Desktop\eggDemo\app\public
2019-07-28 14:44:31,835 INFO 7000 [egg-security] use csrf middleware
2019-07-28 14:44:31,836 INFO 7000 [egg-security] use methodnoallow middleware
2019-07-28 14:44:31,836 INFO 7000 [egg-security] use noopen middleware
2019-07-28 14:44:31,837 INFO 7000 [egg-security] use nosniff middleware
2019-07-28 14:44:31,837 INFO 7000 [egg-security] use xssProtection middleware
2019-07-28 14:44:31,838 INFO 7000 [egg-security] use xframe middleware
2019-07-28 14:44:31,839 INFO 7000 [egg-security] use dta middleware
2019-07-28 14:44:31,839 INFO 7000 [egg-security] compose 7 middlewares into one security middleware
2019-07-28 14:44:31,860 INFO 7000 [egg:core] dump config after load, 18ms
2019-07-28 14:44:31,881 INFO 7000 [egg-watcher:application] watcher start success
2019-07-28 14:44:31,906 INFO 7000 [egg:core] dump config after ready, 19ms
2019-07-28 14:44:34,960 INFO 7000 [egg-view-nunjucks] loading templates from ["C:\\Users\\Dragon-PC\\Desktop\\eggDemo\\app\\view"]
2019-07-28 14:44:51,547 INFO 2744 [egg:logger] init all loggers with options: {"dir":"C:\\Users\\Dragon-PC\\Desktop\\eggDemo\\logs\\eggDemo","encoding":"utf8","env":"local","level":"INFO","consoleLevel":"INFO","disableConsoleAfterReady":false,"outputJSON":false,"buffer":true,"appLogName":"eggDemo-web.log","coreLogName":"egg-web.log","agentLogName":"egg-agent.log","errorLogName":"common-error.log","coreLogger":{"consoleLevel":"WARN"},"allowDebugAtProd":false,"type":"application"}
2019-07-28 14:44:51,574 INFO 2744 [egg-multipart] stream mode enable
2019-07-28 14:44:51,627 INFO 2744 [egg-static] starting static serve /public/ -> C:\Users\Dragon-PC\Desktop\eggDemo\app\public
2019-07-28 14:44:51,629 INFO 2744 [egg-security] use csrf middleware
2019-07-28 14:44:51,630 INFO 2744 [egg-security] use methodnoallow middleware
2019-07-28 14:44:51,630 INFO 2744 [egg-security] use noopen middleware
2019-07-28 14:44:51,631 INFO 2744 [egg-security] use nosniff middleware
2019-07-28 14:44:51,631 INFO 2744 [egg-security] use xssProtection middleware
2019-07-28 14:44:51,632 INFO 2744 [egg-security] use xframe middleware
2019-07-28 14:44:51,632 INFO 2744 [egg-security] use dta middleware
2019-07-28 14:44:51,632 INFO 2744 [egg-security] compose 7 middlewares into one security middleware
2019-07-28 14:44:51,641 INFO 2744 [egg:core] dump config after load, 6ms
2019-07-28 14:44:51,656 INFO 2744 [egg-watcher:application] watcher start success
2019-07-28 14:44:51,666 INFO 2744 [egg:core] dump config after ready, 5ms
2019-07-28 14:44:53,993 INFO 2744 [egg-view-nunjucks] loading templates from ["C:\\Users\\Dragon-PC\\Desktop\\eggDemo\\app\\view"]
2019-07-28 14:45:46,836 INFO 2596 [egg:logger] init all loggers with options: {"dir":"C:\\Users\\Dragon-PC\\Desktop\\eggDemo\\logs\\eggDemo","encoding":"utf8","env":"local","level":"INFO","consoleLevel":"INFO","disableConsoleAfterReady":false,"outputJSON":false,"buffer":true,"appLogName":"eggDemo-web.log","coreLogName":"egg-web.log","agentLogName":"egg-agent.log","errorLogName":"common-error.log","coreLogger":{"consoleLevel":"WARN"},"allowDebugAtProd":false,"type":"application"}
2019-07-28 14:45:46,860 INFO 2596 [egg-multipart] stream mode enable
2019-07-28 14:45:46,917 INFO 2596 [egg-static] starting static serve /public/ -> C:\Users\Dragon-PC\Desktop\eggDemo\app\public
2019-07-28 14:45:46,921 INFO 2596 [egg-security] use csrf middleware
2019-07-28 14:45:46,922 INFO 2596 [egg-security] use methodnoallow middleware
2019-07-28 14:45:46,922 INFO 2596 [egg-security] use noopen middleware
2019-07-28 14:45:46,923 INFO 2596 [egg-security] use nosniff middleware
2019-07-28 14:45:46,923 INFO 2596 [egg-security] use xssProtection middleware
2019-07-28 14:45:46,923 INFO 2596 [egg-security] use xframe middleware
2019-07-28 14:45:46,924 INFO 2596 [egg-security] use dta middleware
2019-07-28 14:45:46,924 INFO 2596 [egg-security] compose 7 middlewares into one security middleware
2019-07-28 14:45:46,932 INFO 2596 [egg:core] dump config after load, 4ms
2019-07-28 14:45:46,945 INFO 2596 [egg-watcher:application] watcher start success
2019-07-28 14:45:46,959 INFO 2596 [egg:core] dump config after ready, 11ms
2019-07-28 14:45:57,994 INFO 2596 [egg-view-nunjucks] loading templates from ["C:\\Users\\Dragon-PC\\Desktop\\eggDemo\\app\\view"]
2019-07-28 14:47:18,487 INFO 5832 [egg:logger] init all loggers with options: {"dir":"C:\\Users\\Dragon-PC\\Desktop\\eggDemo\\logs\\eggDemo","encoding":"utf8","env":"local","level":"INFO","consoleLevel":"INFO","disableConsoleAfterReady":false,"outputJSON":false,"buffer":true,"appLogName":"eggDemo-web.log","coreLogName":"egg-web.log","agentLogName":"egg-agent.log","errorLogName":"common-error.log","coreLogger":{"consoleLevel":"WARN"},"allowDebugAtProd":false,"type":"application"}
2019-07-28 14:47:18,511 INFO 5832 [egg-multipart] stream mode enable
2019-07-28 14:47:18,559 INFO 5832 [egg-static] starting static serve /public/ -> C:\Users\Dragon-PC\Desktop\eggDemo\app\public
2019-07-28 14:47:18,561 INFO 5832 [egg-security] use csrf middleware
2019-07-28 14:47:18,562 INFO 5832 [egg-security] use methodnoallow middleware
2019-07-28 14:47:18,562 INFO 5832 [egg-security] use noopen middleware
2019-07-28 14:47:18,563 INFO 5832 [egg-security] use nosniff middleware
2019-07-28 14:47:18,563 INFO 5832 [egg-security] use xssProtection middleware
2019-07-28 14:47:18,564 INFO 5832 [egg-security] use xframe middleware
2019-07-28 14:47:18,564 INFO 5832 [egg-security] use dta middleware
2019-07-28 14:47:18,564 INFO 5832 [egg-security] compose 7 middlewares into one security middleware
2019-07-28 14:47:18,572 INFO 5832 [egg:core] dump config after load, 5ms
2019-07-28 14:47:18,589 INFO 5832 [egg-watcher:application] watcher start success
2019-07-28 14:47:18,600 INFO 5832 [egg:core] dump config after ready, 6ms
2019-07-28 14:50:55,375 INFO 5708 [egg:logger] init all loggers with options: {"dir":"C:\\Users\\Dragon-PC\\Desktop\\eggDemo\\logs\\eggDemo","encoding":"utf8","env":"local","level":"INFO","consoleLevel":"INFO","disableConsoleAfterReady":false,"outputJSON":false,"buffer":true,"appLogName":"eggDemo-web.log","coreLogName":"egg-web.log","agentLogName":"egg-agent.log","errorLogName":"common-error.log","coreLogger":{"consoleLevel":"WARN"},"allowDebugAtProd":false,"type":"application"}
2019-07-28 14:50:55,400 INFO 5708 [egg-multipart] stream mode enable
2019-07-28 14:50:55,453 INFO 5708 [egg-static] starting static serve /public/ -> C:\Users\Dragon-PC\Desktop\eggDemo\app\public
2019-07-28 14:50:55,455 INFO 5708 [egg-security] use csrf middleware
2019-07-28 14:50:55,455 INFO 5708 [egg-security] use methodnoallow middleware
2019-07-28 14:50:55,456 INFO 5708 [egg-security] use noopen middleware
2019-07-28 14:50:55,456 INFO 5708 [egg-security] use nosniff middleware
2019-07-28 14:50:55,457 INFO 5708 [egg-security] use xssProtection middleware
2019-07-28 14:50:55,457 INFO 5708 [egg-security] use xframe middleware
2019-07-28 14:50:55,457 INFO 5708 [egg-security] use dta middleware
2019-07-28 14:50:55,457 INFO 5708 [egg-security] compose 7 middlewares into one security middleware
2019-07-28 14:50:55,473 INFO 5708 [egg:core] dump config after load, 12ms
2019-07-28 14:50:55,487 INFO 5708 [egg-watcher:application] watcher start success
2019-07-28 14:50:55,507 INFO 5708 [egg:core] dump config after ready, 16ms
2019-07-28 14:52:51,860 INFO 6596 [egg:logger] init all loggers with options: {"dir":"C:\\Users\\Dragon-PC\\Desktop\\eggDemo\\logs\\eggDemo","encoding":"utf8","env":"local","level":"INFO","consoleLevel":"INFO","disableConsoleAfterReady":false,"outputJSON":false,"buffer":true,"appLogName":"eggDemo-web.log","coreLogName":"egg-web.log","agentLogName":"egg-agent.log","errorLogName":"common-error.log","coreLogger":{"consoleLevel":"WARN"},"allowDebugAtProd":false,"type":"application"}
2019-07-28 14:52:51,887 INFO 6596 [egg-multipart] stream mode enable
2019-07-28 14:52:51,938 INFO 6596 [egg-static] starting static serve /public/ -> C:\Users\Dragon-PC\Desktop\eggDemo\app\public
2019-07-28 14:52:51,940 INFO 6596 [egg-security] use csrf middleware
2019-07-28 14:52:51,941 INFO 6596 [egg-security] use methodnoallow middleware
2019-07-28 14:52:51,941 INFO 6596 [egg-security] use noopen middleware
2019-07-28 14:52:51,942 INFO 6596 [egg-security] use nosniff middleware
2019-07-28 14:52:51,943 INFO 6596 [egg-security] use xssProtection middleware
2019-07-28 14:52:51,943 INFO 6596 [egg-security] use xframe middleware
2019-07-28 14:52:51,943 INFO 6596 [egg-security] use dta middleware
2019-07-28 14:52:51,944 INFO 6596 [egg-security] compose 7 middlewares into one security middleware
2019-07-28 14:52:51,953 INFO 6596 [egg:core] dump config after load, 5ms
2019-07-28 14:52:51,968 INFO 6596 [egg-watcher:application] watcher start success
2019-07-28 14:52:51,977 INFO 6596 [egg:core] dump config after ready, 5ms
2019-07-28 14:53:13,301 INFO 6532 [egg:logger] init all loggers with options: {"dir":"C:\\Users\\Dragon-PC\\Desktop\\eggDemo\\logs\\eggDemo","encoding":"utf8","env":"local","level":"INFO","consoleLevel":"INFO","disableConsoleAfterReady":false,"outputJSON":false,"buffer":true,"appLogName":"eggDemo-web.log","coreLogName":"egg-web.log","agentLogName":"egg-agent.log","errorLogName":"common-error.log","coreLogger":{"consoleLevel":"WARN"},"allowDebugAtProd":false,"type":"application"}
2019-07-28 14:53:13,328 INFO 6532 [egg-multipart] stream mode enable
2019-07-28 14:53:13,382 INFO 6532 [egg-static] starting static serve /public/ -> C:\Users\Dragon-PC\Desktop\eggDemo\app\public
2019-07-28 14:53:13,385 INFO 6532 [egg-security] use csrf middleware
2019-07-28 14:53:13,385 INFO 6532 [egg-security] use methodnoallow middleware
2019-07-28 14:53:13,386 INFO 6532 [egg-security] use noopen middleware
2019-07-28 14:53:13,386 INFO 6532 [egg-security] use nosniff middleware
2019-07-28 14:53:13,387 INFO 6532 [egg-security] use xssProtection middleware
2019-07-28 14:53:13,387 INFO 6532 [egg-security] use xframe middleware
2019-07-28 14:53:13,387 INFO 6532 [egg-security] use dta middleware
2019-07-28 14:53:13,387 INFO 6532 [egg-security] compose 7 middlewares into one security middleware
2019-07-28 14:53:13,407 INFO 6532 [egg:core] dump config after load, 12ms
2019-07-28 14:53:13,420 INFO 6532 [egg-watcher:application] watcher start success
2019-07-28 14:53:13,440 INFO 6532 [egg:core] dump config after ready, 17ms
2019-07-28 14:53:19,189 INFO 6532 [egg-view-nunjucks] loading templates from ["C:\\Users\\Dragon-PC\\Desktop\\eggDemo\\app\\view"]
2019-07-28 14:54:56,687 INFO 6124 [egg:logger] init all loggers with options: {"dir":"C:\\Users\\Dragon-PC\\Desktop\\eggDemo\\logs\\eggDemo","encoding":"utf8","env":"local","level":"INFO","consoleLevel":"INFO","disableConsoleAfterReady":false,"outputJSON":false,"buffer":true,"appLogName":"eggDemo-web.log","coreLogName":"egg-web.log","agentLogName":"egg-agent.log","errorLogName":"common-error.log","coreLogger":{"consoleLevel":"WARN"},"allowDebugAtProd":false,"type":"application"}
2019-07-28 14:54:56,713 INFO 6124 [egg-multipart] stream mode enable
2019-07-28 14:54:56,765 INFO 6124 [egg-static] starting static serve /public/ -> C:\Users\Dragon-PC\Desktop\eggDemo\app\public
2019-07-28 14:54:56,767 INFO 6124 [egg-security] use csrf middleware
2019-07-28 14:54:56,768 INFO 6124 [egg-security] use methodnoallow middleware
2019-07-28 14:54:56,768 INFO 6124 [egg-security] use noopen middleware
2019-07-28 14:54:56,769 INFO 6124 [egg-security] use nosniff middleware
2019-07-28 14:54:56,769 INFO 6124 [egg-security] use xssProtection middleware
2019-07-28 14:54:56,770 INFO 6124 [egg-security] use xframe middleware
2019-07-28 14:54:56,770 INFO 6124 [egg-security] use dta middleware
2019-07-28 14:54:56,770 INFO 6124 [egg-security] compose 7 middlewares into one security middleware
2019-07-28 14:54:56,778 INFO 6124 [egg:core] dump config after load, 5ms
2019-07-28 14:54:56,796 INFO 6124 [egg-watcher:application] watcher start success
2019-07-28 14:54:56,804 INFO 6124 [egg:core] dump config after ready, 4ms
2019-07-28 14:54:57,057 INFO 6124 [egg-view-nunjucks] loading templates from ["C:\\Users\\Dragon-PC\\Desktop\\eggDemo\\app\\view"]
2019-07-28 14:59:28,618 INFO 6104 [egg:logger] init all loggers with options: {"dir":"C:\\Users\\Dragon-PC\\Desktop\\eggDemo\\logs\\eggDemo","encoding":"utf8","env":"local","level":"INFO","consoleLevel":"INFO","disableConsoleAfterReady":false,"outputJSON":false,"buffer":true,"appLogName":"eggDemo-web.log","coreLogName":"egg-web.log","agentLogName":"egg-agent.log","errorLogName":"common-error.log","coreLogger":{"consoleLevel":"WARN"},"allowDebugAtProd":false,"type":"application"}
2019-07-28 14:59:28,643 INFO 6104 [egg-multipart] stream mode enable
2019-07-28 14:59:28,695 INFO 6104 [egg-static] starting static serve /public/ -> C:\Users\Dragon-PC\Desktop\eggDemo\app\public
2019-07-28 14:59:28,697 INFO 6104 [egg-security] use csrf middleware
2019-07-28 14:59:28,698 INFO 6104 [egg-security] use methodnoallow middleware
2019-07-28 14:59:28,698 INFO 6104 [egg-security] use noopen middleware
2019-07-28 14:59:28,699 INFO 6104 [egg-security] use nosniff middleware
2019-07-28 14:59:28,699 INFO 6104 [egg-security] use xssProtection middleware
2019-07-28 14:59:28,699 INFO 6104 [egg-security] use xframe middleware
2019-07-28 14:59:28,700 INFO 6104 [egg-security] use dta middleware
2019-07-28 14:59:28,700 INFO 6104 [egg-security] compose 7 middlewares into one security middleware
2019-07-28 14:59:28,709 INFO 6104 [egg:core] dump config after load, 5ms
2019-07-28 14:59:28,727 INFO 6104 [egg-watcher:application] watcher start success
2019-07-28 14:59:28,737 INFO 6104 [egg:core] dump config after ready, 5ms
2019-07-28 14:59:37,406 INFO 6104 [egg-view-nunjucks] loading templates from ["C:\\Users\\Dragon-PC\\Desktop\\eggDemo\\app\\view"]
2019-07-28 15:39:02,398 INFO 7736 [egg:logger] init all loggers with options: {"dir":"C:\\Users\\Dragon-PC\\Desktop\\eggDemo\\logs\\eggDemo","encoding":"utf8","env":"local","level":"INFO","consoleLevel":"INFO","disableConsoleAfterReady":false,"outputJSON":false,"buffer":true,"appLogName":"eggDemo-web.log","coreLogName":"egg-web.log","agentLogName":"egg-agent.log","errorLogName":"common-error.log","coreLogger":{"consoleLevel":"WARN"},"allowDebugAtProd":false,"type":"application"}
2019-07-28 15:39:02,449 INFO 7736 [egg-multipart] stream mode enable
2019-07-28 15:39:02,798 INFO 7736 [egg-static] starting static serve /public/ -> C:\Users\Dragon-PC\Desktop\eggDemo\app\public
2019-07-28 15:39:02,804 INFO 7736 [egg-security] use csrf middleware
2019-07-28 15:39:02,808 INFO 7736 [egg-security] use methodnoallow middleware
2019-07-28 15:39:02,811 INFO 7736 [egg-security] use noopen middleware
2019-07-28 15:39:02,816 INFO 7736 [egg-security] use nosniff middleware
2019-07-28 15:39:02,819 INFO 7736 [egg-security] use xssProtection middleware
2019-07-28 15:39:02,822 INFO 7736 [egg-security] use xframe middleware
2019-07-28 15:39:02,825 INFO 7736 [egg-security] use dta middleware
2019-07-28 15:39:02,825 INFO 7736 [egg-security] compose 7 middlewares into one security middleware
2019-07-28 15:39:02,848 INFO 7736 [egg:core] dump config after load, 14ms
2019-07-28 15:39:02,862 INFO 7736 [egg-watcher:application] watcher start success
2019-07-28 15:39:02,882 INFO 7736 [egg:core] dump config after ready, 15ms
2019-07-28 15:39:26,672 INFO 7576 [egg:logger] init all loggers with options: {"dir":"C:\\Users\\Dragon-PC\\Desktop\\eggDemo\\logs\\eggDemo","encoding":"utf8","env":"local","level":"INFO","consoleLevel":"INFO","disableConsoleAfterReady":false,"outputJSON":false,"buffer":true,"appLogName":"eggDemo-web.log","coreLogName":"egg-web.log","agentLogName":"egg-agent.log","errorLogName":"common-error.log","coreLogger":{"consoleLevel":"WARN"},"allowDebugAtProd":false,"type":"application"}
2019-07-28 15:39:26,698 INFO 7576 [egg-multipart] stream mode enable
2019-07-28 15:39:26,748 INFO 7576 [egg-static] starting static serve /public/ -> C:\Users\Dragon-PC\Desktop\eggDemo\app\public
2019-07-28 15:39:26,750 INFO 7576 [egg-security] use csrf middleware
2019-07-28 15:39:26,751 INFO 7576 [egg-security] use methodnoallow middleware
2019-07-28 15:39:26,751 INFO 7576 [egg-security] use noopen middleware
2019-07-28 15:39:26,752 INFO 7576 [egg-security] use nosniff middleware
2019-07-28 15:39:26,752 INFO 7576 [egg-security] use xssProtection middleware
2019-07-28 15:39:26,753 INFO 7576 [egg-security] use xframe middleware
2019-07-28 15:39:26,753 INFO 7576 [egg-security] use dta middleware
2019-07-28 15:39:26,753 INFO 7576 [egg-security] compose 7 middlewares into one security middleware
2019-07-28 15:39:26,769 INFO 7576 [egg:core] dump config after load, 13ms
2019-07-28 15:39:26,783 INFO 7576 [egg-watcher:application] watcher start success
2019-07-28 15:39:26,803 INFO 7576 [egg:core] dump config after ready, 15ms
2019-07-28 15:40:38,482 INFO 7792 [egg:logger] init all loggers with options: {"dir":"C:\\Users\\Dragon-PC\\Desktop\\eggDemo\\logs\\eggDemo","encoding":"utf8","env":"local","level":"INFO","consoleLevel":"INFO","disableConsoleAfterReady":false,"outputJSON":false,"buffer":true,"appLogName":"eggDemo-web.log","coreLogName":"egg-web.log","agentLogName":"egg-agent.log","errorLogName":"common-error.log","coreLogger":{"consoleLevel":"WARN"},"allowDebugAtProd":false,"type":"application"}
2019-07-28 15:40:38,506 INFO 7792 [egg-multipart] stream mode enable
2019-07-28 15:40:38,553 INFO 7792 [egg-static] starting static serve /public/ -> C:\Users\Dragon-PC\Desktop\eggDemo\app\public
2019-07-28 15:40:38,556 INFO 7792 [egg-security] use csrf middleware
2019-07-28 15:40:38,557 INFO 7792 [egg-security] use methodnoallow middleware
2019-07-28 15:40:38,557 INFO 7792 [egg-security] use noopen middleware
2019-07-28 15:40:38,557 INFO 7792 [egg-security] use nosniff middleware
2019-07-28 15:40:38,558 INFO 7792 [egg-security] use xssProtection middleware
2019-07-28 15:40:38,558 INFO 7792 [egg-security] use xframe middleware
2019-07-28 15:40:38,558 INFO 7792 [egg-security] use dta middleware
2019-07-28 15:40:38,558 INFO 7792 [egg-security] compose 7 middlewares into one security middleware
2019-07-28 15:40:38,573 INFO 7792 [egg:core] dump config after load, 12ms
2019-07-28 15:40:38,588 INFO 7792 [egg-watcher:application] watcher start success
2019-07-28 15:40:38,608 INFO 7792 [egg:core] dump config after ready, 15ms
2019-07-28 15:43:24,412 INFO 7792 [egg-view-nunjucks] loading templates from ["C:\\Users\\Dragon-PC\\Desktop\\eggDemo\\app\\view"]
2019-07-28 18:55:52,866 WARN 7792 [TCPBase] socket is closed by other side while there were still unhandled data in the socket buffer
2019-07-28 18:55:52,978 WARN 7792 [ClusterClient:Watcher] follower closed, and try to init it again
2019-07-28 21:26:42,892 WARN 7792 [ClusterClient:Watcher] follower closed, and try to init it again
2019-07-28 21:51:47,370 INFO 2940 [egg:logger] init all loggers with options: {"dir":"C:\\Users\\Dragon-PC\\Desktop\\eggDemo\\logs\\eggDemo","encoding":"utf8","env":"local","level":"INFO","consoleLevel":"INFO","disableConsoleAfterReady":false,"outputJSON":false,"buffer":true,"appLogName":"eggDemo-web.log","coreLogName":"egg-web.log","agentLogName":"egg-agent.log","errorLogName":"common-error.log","coreLogger":{"consoleLevel":"WARN"},"allowDebugAtProd":false,"type":"application"}
2019-07-28 21:51:47,393 INFO 2940 [egg-multipart] stream mode enable
2019-07-28 21:51:47,444 INFO 2940 [egg-static] starting static serve /public/ -> C:\Users\Dragon-PC\Desktop\eggDemo\app\public
2019-07-28 21:51:47,446 INFO 2940 [egg-security] use csrf middleware
2019-07-28 21:51:47,446 INFO 2940 [egg-security] use methodnoallow middleware
2019-07-28 21:51:47,447 INFO 2940 [egg-security] use noopen middleware
2019-07-28 21:51:47,447 INFO 2940 [egg-security] use nosniff middleware
2019-07-28 21:51:47,448 INFO 2940 [egg-security] use xssProtection middleware
2019-07-28 21:51:47,448 INFO 2940 [egg-security] use xframe middleware
2019-07-28 21:51:47,448 INFO 2940 [egg-security] use dta middleware
2019-07-28 21:51:47,448 INFO 2940 [egg-security] compose 7 middlewares into one security middleware
2019-07-28 21:51:47,457 INFO 2940 [egg:core] dump config after load, 6ms
2019-07-28 21:51:47,471 INFO 2940 [egg-watcher:application] watcher start success
2019-07-28 21:51:47,481 INFO 2940 [egg:core] dump config after ready, 5ms
2019-07-28 21:52:01,374 INFO 2940 [egg-view-nunjucks] loading templates from ["C:\\Users\\Dragon-PC\\Desktop\\eggDemo\\app\\view"]
2019-07-28 21:52:49,826 INFO 8104 [egg:logger] init all loggers with options: {"dir":"C:\\Users\\Dragon-PC\\Desktop\\eggDemo\\logs\\eggDemo","encoding":"utf8","env":"local","level":"INFO","consoleLevel":"INFO","disableConsoleAfterReady":false,"outputJSON":false,"buffer":true,"appLogName":"eggDemo-web.log","coreLogName":"egg-web.log","agentLogName":"egg-agent.log","errorLogName":"common-error.log","coreLogger":{"consoleLevel":"WARN"},"allowDebugAtProd":false,"type":"application"}
2019-07-28 21:52:49,850 INFO 8104 [egg-multipart] stream mode enable
2019-07-28 21:52:49,899 INFO 8104 [egg-static] starting static serve /public/ -> C:\Users\Dragon-PC\Desktop\eggDemo\app\public
2019-07-28 21:52:49,902 INFO 8104 [egg-security] use csrf middleware
2019-07-28 21:52:49,902 INFO 8104 [egg-security] use methodnoallow middleware
2019-07-28 21:52:49,903 INFO 8104 [egg-security] use noopen middleware
2019-07-28 21:52:49,903 INFO 8104 [egg-security] use nosniff middleware
2019-07-28 21:52:49,904 INFO 8104 [egg-security] use xssProtection middleware
2019-07-28 21:52:49,904 INFO 8104 [egg-security] use xframe middleware
2019-07-28 21:52:49,904 INFO 8104 [egg-security] use dta middleware
2019-07-28 21:52:49,904 INFO 8104 [egg-security] compose 7 middlewares into one security middleware
2019-07-28 21:52:49,913 INFO 8104 [egg:core] dump config after load, 5ms
2019-07-28 21:52:49,928 INFO 8104 [egg-watcher:application] watcher start success
2019-07-28 21:52:49,935 INFO 8104 [egg:core] dump config after ready, 5ms
2019-07-28 21:52:52,805 INFO 8104 [egg-view-nunjucks] loading templates from ["C:\\Users\\Dragon-PC\\Desktop\\eggDemo\\app\\view"]
2019-07-28 21:56:09,082 INFO 7808 [egg:logger] init all loggers with options: {"dir":"C:\\Users\\Dragon-PC\\Desktop\\eggDemo\\logs\\eggDemo","encoding":"utf8","env":"local","level":"INFO","consoleLevel":"INFO","disableConsoleAfterReady":false,"outputJSON":false,"buffer":true,"appLogName":"eggDemo-web.log","coreLogName":"egg-web.log","agentLogName":"egg-agent.log","errorLogName":"common-error.log","coreLogger":{"consoleLevel":"WARN"},"allowDebugAtProd":false,"type":"application"}
2019-07-28 21:56:09,104 INFO 7808 [egg-multipart] stream mode enable
2019-07-28 21:56:09,152 INFO 7808 [egg-static] starting static serve /public/ -> C:\Users\Dragon-PC\Desktop\eggDemo\app\public
2019-07-28 21:56:09,154 INFO 7808 [egg-security] use csrf middleware
2019-07-28 21:56:09,155 INFO 7808 [egg-security] use methodnoallow middleware
2019-07-28 21:56:09,155 INFO 7808 [egg-security] use noopen middleware
2019-07-28 21:56:09,156 INFO 7808 [egg-security] use nosniff middleware
2019-07-28 21:56:09,157 INFO 7808 [egg-security] use xssProtection middleware
2019-07-28 21:56:09,157 INFO 7808 [egg-security] use xframe middleware
2019-07-28 21:56:09,157 INFO 7808 [egg-security] use dta middleware
2019-07-28 21:56:09,157 INFO 7808 [egg-security] compose 7 middlewares into one security middleware
2019-07-28 21:56:09,178 INFO 7808 [egg:core] dump config after load, 13ms
2019-07-28 21:56:09,194 INFO 7808 [egg-watcher:application] watcher start success
2019-07-28 21:56:09,214 INFO 7808 [egg:core] dump config after ready, 16ms
2019-07-28 21:56:33,942 INFO 3084 [egg:logger] init all loggers with options: {"dir":"C:\\Users\\Dragon-PC\\Desktop\\eggDemo\\logs\\eggDemo","encoding":"utf8","env":"local","level":"INFO","consoleLevel":"INFO","disableConsoleAfterReady":false,"outputJSON":false,"buffer":true,"appLogName":"eggDemo-web.log","coreLogName":"egg-web.log","agentLogName":"egg-agent.log","errorLogName":"common-error.log","coreLogger":{"consoleLevel":"WARN"},"allowDebugAtProd":false,"type":"application"}
2019-07-28 21:56:33,967 INFO 3084 [egg-multipart] stream mode enable
2019-07-28 21:56:34,019 INFO 3084 [egg-static] starting static serve /public/ -> C:\Users\Dragon-PC\Desktop\eggDemo\app\public
2019-07-28 21:56:34,021 INFO 3084 [egg-security] use csrf middleware
2019-07-28 21:56:34,021 INFO 3084 [egg-security] use methodnoallow middleware
2019-07-28 21:56:34,022 INFO 3084 [egg-security] use noopen middleware
2019-07-28 21:56:34,022 INFO 3084 [egg-security] use nosniff middleware
2019-07-28 21:56:34,023 INFO 3084 [egg-security] use xssProtection middleware
2019-07-28 21:56:34,023 INFO 3084 [egg-security] use xframe middleware
2019-07-28 21:56:34,023 INFO 3084 [egg-security] use dta middleware
2019-07-28 21:56:34,023 INFO 3084 [egg-security] compose 7 middlewares into one security middleware
2019-07-28 21:56:34,031 INFO 3084 [egg:core] dump config after load, 5ms
2019-07-28 21:56:34,046 INFO 3084 [egg-watcher:application] watcher start success
2019-07-28 21:56:34,054 INFO 3084 [egg:core] dump config after ready, 4ms
2019-07-28 21:56:35,544 INFO 7768 [egg:logger] init all loggers with options: {"dir":"C:\\Users\\Dragon-PC\\Desktop\\eggDemo\\logs\\eggDemo","encoding":"utf8","env":"local","level":"INFO","consoleLevel":"INFO","disableConsoleAfterReady":false,"outputJSON":false,"buffer":true,"appLogName":"eggDemo-web.log","coreLogName":"egg-web.log","agentLogName":"egg-agent.log","errorLogName":"common-error.log","coreLogger":{"consoleLevel":"WARN"},"allowDebugAtProd":false,"type":"application"}
2019-07-28 21:56:35,569 INFO 7768 [egg-multipart] stream mode enable
2019-07-28 21:56:35,621 INFO 7768 [egg-static] starting static serve /public/ -> C:\Users\Dragon-PC\Desktop\eggDemo\app\public
2019-07-28 21:56:35,623 INFO 7768 [egg-security] use csrf middleware
2019-07-28 21:56:35,624 INFO 7768 [egg-security] use methodnoallow middleware
2019-07-28 21:56:35,625 INFO 7768 [egg-security] use noopen middleware
2019-07-28 21:56:35,625 INFO 7768 [egg-security] use nosniff middleware
2019-07-28 21:56:35,626 INFO 7768 [egg-security] use xssProtection middleware
2019-07-28 21:56:35,626 INFO 7768 [egg-security] use xframe middleware
2019-07-28 21:56:35,627 INFO 7768 [egg-security] use dta middleware
2019-07-28 21:56:35,627 INFO 7768 [egg-security] compose 7 middlewares into one security middleware
2019-07-28 21:56:35,634 INFO 7768 [egg:core] dump config after load, 4ms
2019-07-28 21:56:35,651 INFO 7768 [egg-watcher:application] watcher start success
2019-07-28 21:56:35,661 INFO 7768 [egg:core] dump config after ready, 6ms
2019-07-28 21:56:59,931 INFO 7892 [egg:logger] init all loggers with options: {"dir":"C:\\Users\\Dragon-PC\\Desktop\\eggDemo\\logs\\eggDemo","encoding":"utf8","env":"local","level":"INFO","consoleLevel":"INFO","disableConsoleAfterReady":false,"outputJSON":false,"buffer":true,"appLogName":"eggDemo-web.log","coreLogName":"egg-web.log","agentLogName":"egg-agent.log","errorLogName":"common-error.log","coreLogger":{"consoleLevel":"WARN"},"allowDebugAtProd":false,"type":"application"}
2019-07-28 21:56:59,959 INFO 7892 [egg-multipart] stream mode enable
2019-07-28 21:57:00,015 INFO 7892 [egg-static] starting static serve /public/ -> C:\Users\Dragon-PC\Desktop\eggDemo\app\public
2019-07-28 21:57:00,018 INFO 7892 [egg-security] use csrf middleware
2019-07-28 21:57:00,019 INFO 7892 [egg-security] use methodnoallow middleware
2019-07-28 21:57:00,020 INFO 7892 [egg-security] use noopen middleware
2019-07-28 21:57:00,020 INFO 7892 [egg-security] use nosniff middleware
2019-07-28 21:57:00,020 INFO 7892 [egg-security] use xssProtection middleware
2019-07-28 21:57:00,021 INFO 7892 [egg-security] use xframe middleware
2019-07-28 21:57:00,021 INFO 7892 [egg-security] use dta middleware
2019-07-28 21:57:00,021 INFO 7892 [egg-security] compose 7 middlewares into one security middleware
2019-07-28 21:57:00,040 INFO 7892 [egg:core] dump config after load, 13ms
2019-07-28 21:57:00,055 INFO 7892 [egg-watcher:application] watcher start success
2019-07-28 21:57:00,073 INFO 7892 [egg:core] dump config after ready, 14ms
2019-07-28 21:57:03,020 INFO 7892 [egg-view-nunjucks] loading templates from ["C:\\Users\\Dragon-PC\\Desktop\\eggDemo\\app\\view"]
2019-07-28 21:58:03,891 INFO 7280 [egg:logger] init all loggers with options: {"dir":"C:\\Users\\Dragon-PC\\Desktop\\eggDemo\\logs\\eggDemo","encoding":"utf8","env":"local","level":"INFO","consoleLevel":"INFO","disableConsoleAfterReady":false,"outputJSON":false,"buffer":true,"appLogName":"eggDemo-web.log","coreLogName":"egg-web.log","agentLogName":"egg-agent.log","errorLogName":"common-error.log","coreLogger":{"consoleLevel":"WARN"},"allowDebugAtProd":false,"type":"application"}
2019-07-28 21:58:03,914 INFO 7280 [egg-multipart] stream mode enable
2019-07-28 21:58:03,970 INFO 7280 [egg-static] starting static serve /public/ -> C:\Users\Dragon-PC\Desktop\eggDemo\app\public
2019-07-28 21:58:03,973 INFO 7280 [egg-security] use csrf middleware
2019-07-28 21:58:03,974 INFO 7280 [egg-security] use methodnoallow middleware
2019-07-28 21:58:03,974 INFO 7280 [egg-security] use noopen middleware
2019-07-28 21:58:03,974 INFO 7280 [egg-security] use nosniff middleware
2019-07-28 21:58:03,975 INFO 7280 [egg-security] use xssProtection middleware
2019-07-28 21:58:03,975 INFO 7280 [egg-security] use xframe middleware
2019-07-28 21:58:03,975 INFO 7280 [egg-security] use dta middleware
2019-07-28 21:58:03,976 INFO 7280 [egg-security] compose 7 middlewares into one security middleware
2019-07-28 21:58:03,985 INFO 7280 [egg:core] dump config after load, 6ms
2019-07-28 21:58:04,003 INFO 7280 [egg-watcher:application] watcher start success
2019-07-28 21:58:04,011 INFO 7280 [egg:core] dump config after ready, 5ms
2019-07-28 21:58:09,217 INFO 3248 [egg:logger] init all loggers with options: {"dir":"C:\\Users\\Dragon-PC\\Desktop\\eggDemo\\logs\\eggDemo","encoding":"utf8","env":"local","level":"INFO","consoleLevel":"INFO","disableConsoleAfterReady":false,"outputJSON":false,"buffer":true,"appLogName":"eggDemo-web.log","coreLogName":"egg-web.log","agentLogName":"egg-agent.log","errorLogName":"common-error.log","coreLogger":{"consoleLevel":"WARN"},"allowDebugAtProd":false,"type":"application"}
2019-07-28 21:58:09,240 INFO 3248 [egg-multipart] stream mode enable
2019-07-28 21:58:09,291 INFO 3248 [egg-static] starting static serve /public/ -> C:\Users\Dragon-PC\Desktop\eggDemo\app\public
2019-07-28 21:58:09,293 INFO 3248 [egg-security] use csrf middleware
2019-07-28 21:58:09,293 INFO 3248 [egg-security] use methodnoallow middleware
2019-07-28 21:58:09,294 INFO 3248 [egg-security] use noopen middleware
2019-07-28 21:58:09,294 INFO 3248 [egg-security] use nosniff middleware
2019-07-28 21:58:09,295 INFO 3248 [egg-security] use xssProtection middleware
2019-07-28 21:58:09,295 INFO 3248 [egg-security] use xframe middleware
2019-07-28 21:58:09,296 INFO 3248 [egg-security] use dta middleware
2019-07-28 21:58:09,296 INFO 3248 [egg-security] compose 7 middlewares into one security middleware
2019-07-28 21:58:09,320 INFO 3248 [egg:core] dump config after load, 15ms
2019-07-28 21:58:09,337 INFO 3248 [egg-watcher:application] watcher start success
2019-07-28 21:58:09,356 INFO 3248 [egg:core] dump config after ready, 14ms
2019-07-28 21:58:11,453 INFO 3248 [egg-view-nunjucks] loading templates from ["C:\\Users\\Dragon-PC\\Desktop\\eggDemo\\app\\view"]
2019-07-28 21:58:39,262 INFO 6816 [egg:logger] init all loggers with options: {"dir":"C:\\Users\\Dragon-PC\\Desktop\\eggDemo\\logs\\eggDemo","encoding":"utf8","env":"local","level":"INFO","consoleLevel":"INFO","disableConsoleAfterReady":false,"outputJSON":false,"buffer":true,"appLogName":"eggDemo-web.log","coreLogName":"egg-web.log","agentLogName":"egg-agent.log","errorLogName":"common-error.log","coreLogger":{"consoleLevel":"WARN"},"allowDebugAtProd":false,"type":"application"}
2019-07-28 21:58:39,288 INFO 6816 [egg-multipart] stream mode enable
2019-07-28 21:58:39,341 INFO 6816 [egg-static] starting static serve /public/ -> C:\Users\Dragon-PC\Desktop\eggDemo\app\public
2019-07-28 21:58:39,344 INFO 6816 [egg-security] use csrf middleware
2019-07-28 21:58:39,345 INFO 6816 [egg-security] use methodnoallow middleware
2019-07-28 21:58:39,345 INFO 6816 [egg-security] use noopen middleware
2019-07-28 21:58:39,346 INFO 6816 [egg-security] use nosniff middleware
2019-07-28 21:58:39,346 INFO 6816 [egg-security] use xssProtection middleware
2019-07-28 21:58:39,347 INFO 6816 [egg-security] use xframe middleware
2019-07-28 21:58:39,347 INFO 6816 [egg-security] use dta middleware
2019-07-28 21:58:39,347 INFO 6816 [egg-security] compose 7 middlewares into one security middleware
2019-07-28 21:58:39,365 INFO 6816 [egg:core] dump config after load, 11ms
2019-07-28 21:58:39,380 INFO 6816 [egg-watcher:application] watcher start success
2019-07-28 21:58:39,398 INFO 6816 [egg:core] dump config after ready, 15ms
2019-07-28 21:58:42,104 INFO 7552 [egg:logger] init all loggers with options: {"dir":"C:\\Users\\Dragon-PC\\Desktop\\eggDemo\\logs\\eggDemo","encoding":"utf8","env":"local","level":"INFO","consoleLevel":"INFO","disableConsoleAfterReady":false,"outputJSON":false,"buffer":true,"appLogName":"eggDemo-web.log","coreLogName":"egg-web.log","agentLogName":"egg-agent.log","errorLogName":"common-error.log","coreLogger":{"consoleLevel":"WARN"},"allowDebugAtProd":false,"type":"application"}
2019-07-28 21:58:42,129 INFO 7552 [egg-multipart] stream mode enable
2019-07-28 21:58:42,180 INFO 7552 [egg-static] starting static serve /public/ -> C:\Users\Dragon-PC\Desktop\eggDemo\app\public
2019-07-28 21:58:42,183 INFO 7552 [egg-security] use csrf middleware
2019-07-28 21:58:42,184 INFO 7552 [egg-security] use methodnoallow middleware
2019-07-28 21:58:42,184 INFO 7552 [egg-security] use noopen middleware
2019-07-28 21:58:42,185 INFO 7552 [egg-security] use nosniff middleware
2019-07-28 21:58:42,186 INFO 7552 [egg-security] use xssProtection middleware
2019-07-28 21:58:42,186 INFO 7552 [egg-security] use xframe middleware
2019-07-28 21:58:42,187 INFO 7552 [egg-security] use dta middleware
2019-07-28 21:58:42,187 INFO 7552 [egg-security] compose 7 middlewares into one security middleware
2019-07-28 21:58:42,196 INFO 7552 [egg:core] dump config after load, 5ms
2019-07-28 21:58:42,213 INFO 7552 [egg-watcher:application] watcher start success
2019-07-28 21:58:42,223 INFO 7552 [egg:core] dump config after ready, 7ms
2019-07-28 22:00:03,924 INFO 7280 [egg:logger] init all loggers with options: {"dir":"C:\\Users\\Dragon-PC\\Desktop\\eggDemo\\logs\\eggDemo","encoding":"utf8","env":"local","level":"INFO","consoleLevel":"INFO","disableConsoleAfterReady":false,"outputJSON":false,"buffer":true,"appLogName":"eggDemo-web.log","coreLogName":"egg-web.log","agentLogName":"egg-agent.log","errorLogName":"common-error.log","coreLogger":{"consoleLevel":"WARN"},"allowDebugAtProd":false,"type":"application"}
2019-07-28 22:00:03,951 INFO 7280 [egg-multipart] stream mode enable
2019-07-28 22:00:04,007 INFO 7280 [egg-static] starting static serve /public/ -> C:\Users\Dragon-PC\Desktop\eggDemo\app\public
2019-07-28 22:00:04,010 INFO 7280 [egg-security] use csrf middleware
2019-07-28 22:00:04,011 INFO 7280 [egg-security] use methodnoallow middleware
2019-07-28 22:00:04,012 INFO 7280 [egg-security] use noopen middleware
2019-07-28 22:00:04,012 INFO 7280 [egg-security] use nosniff middleware
2019-07-28 22:00:04,013 INFO 7280 [egg-security] use xssProtection middleware
2019-07-28 22:00:04,013 INFO 7280 [egg-security] use xframe middleware
2019-07-28 22:00:04,013 INFO 7280 [egg-security] use dta middleware
2019-07-28 22:00:04,013 INFO 7280 [egg-security] compose 7 middlewares into one security middleware
2019-07-28 22:00:04,021 INFO 7280 [egg:core] dump config after load, 5ms
2019-07-28 22:00:04,038 INFO 7280 [egg-watcher:application] watcher start success
2019-07-28 22:00:04,048 INFO 7280 [egg:core] dump config after ready, 7ms
2019-07-28 22:00:25,907 INFO 8132 [egg:logger] init all loggers with options: {"dir":"C:\\Users\\Dragon-PC\\Desktop\\eggDemo\\logs\\eggDemo","encoding":"utf8","env":"local","level":"INFO","consoleLevel":"INFO","disableConsoleAfterReady":false,"outputJSON":false,"buffer":true,"appLogName":"eggDemo-web.log","coreLogName":"egg-web.log","agentLogName":"egg-agent.log","errorLogName":"common-error.log","coreLogger":{"consoleLevel":"WARN"},"allowDebugAtProd":false,"type":"application"}
2019-07-28 22:00:25,934 INFO 8132 [egg-multipart] stream mode enable
2019-07-28 22:00:25,995 INFO 8132 [egg-static] starting static serve /public/ -> C:\Users\Dragon-PC\Desktop\eggDemo\app\public
2019-07-28 22:00:25,998 INFO 8132 [egg-security] use csrf middleware
2019-07-28 22:00:25,999 INFO 8132 [egg-security] use methodnoallow middleware
2019-07-28 22:00:25,999 INFO 8132 [egg-security] use noopen middleware
2019-07-28 22:00:26,000 INFO 8132 [egg-security] use nosniff middleware
2019-07-28 22:00:26,000 INFO 8132 [egg-security] use xssProtection middleware
2019-07-28 22:00:26,000 INFO 8132 [egg-security] use xframe middleware
2019-07-28 22:00:26,001 INFO 8132 [egg-security] use dta middleware
2019-07-28 22:00:26,001 INFO 8132 [egg-security] compose 7 middlewares into one security middleware
2019-07-28 22:00:26,016 INFO 8132 [egg:core] dump config after load, 12ms
2019-07-28 22:00:26,032 INFO 8132 [egg-watcher:application] watcher start success
2019-07-28 22:00:26,051 INFO 8132 [egg:core] dump config after ready, 16ms
2019-07-28 22:00:27,883 INFO 8132 [egg-view-nunjucks] loading templates from ["C:\\Users\\Dragon-PC\\Desktop\\eggDemo\\app\\view"]
2019-07-28 22:01:00,882 INFO 4236 [egg:logger] init all loggers with options: {"dir":"C:\\Users\\Dragon-PC\\Desktop\\eggDemo\\logs\\eggDemo","encoding":"utf8","env":"local","level":"INFO","consoleLevel":"INFO","disableConsoleAfterReady":false,"outputJSON":false,"buffer":true,"appLogName":"eggDemo-web.log","coreLogName":"egg-web.log","agentLogName":"egg-agent.log","errorLogName":"common-error.log","coreLogger":{"consoleLevel":"WARN"},"allowDebugAtProd":false,"type":"application"}
2019-07-28 22:01:00,908 INFO 4236 [egg-multipart] stream mode enable
2019-07-28 22:01:00,965 INFO 4236 [egg-static] starting static serve /public/ -> C:\Users\Dragon-PC\Desktop\eggDemo\app\public
2019-07-28 22:01:00,967 INFO 4236 [egg-security] use csrf middleware
2019-07-28 22:01:00,968 INFO 4236 [egg-security] use methodnoallow middleware
2019-07-28 22:01:00,968 INFO 4236 [egg-security] use noopen middleware
2019-07-28 22:01:00,969 INFO 4236 [egg-security] use nosniff middleware
2019-07-28 22:01:00,969 INFO 4236 [egg-security] use xssProtection middleware
2019-07-28 22:01:00,970 INFO 4236 [egg-security] use xframe middleware
2019-07-28 22:01:00,970 INFO 4236 [egg-security] use dta middleware
2019-07-28 22:01:00,970 INFO 4236 [egg-security] compose 7 middlewares into one security middleware
2019-07-28 22:01:00,978 INFO 4236 [egg:core] dump config after load, 5ms
2019-07-28 22:01:00,994 INFO 4236 [egg-watcher:application] watcher start success
2019-07-28 22:01:01,004 INFO 4236 [egg:core] dump config after ready, 6ms
2019-07-28 22:01:09,163 INFO 8068 [egg:logger] init all loggers with options: {"dir":"C:\\Users\\Dragon-PC\\Desktop\\eggDemo\\logs\\eggDemo","encoding":"utf8","env":"local","level":"INFO","consoleLevel":"INFO","disableConsoleAfterReady":false,"outputJSON":false,"buffer":true,"appLogName":"eggDemo-web.log","coreLogName":"egg-web.log","agentLogName":"egg-agent.log","errorLogName":"common-error.log","coreLogger":{"consoleLevel":"WARN"},"allowDebugAtProd":false,"type":"application"}
2019-07-28 22:01:09,190 INFO 8068 [egg-multipart] stream mode enable
2019-07-28 22:01:09,246 INFO 8068 [egg-static] starting static serve /public/ -> C:\Users\Dragon-PC\Desktop\eggDemo\app\public
2019-07-28 22:01:09,248 INFO 8068 [egg-security] use csrf middleware
2019-07-28 22:01:09,249 INFO 8068 [egg-security] use methodnoallow middleware
2019-07-28 22:01:09,249 INFO 8068 [egg-security] use noopen middleware
2019-07-28 22:01:09,250 INFO 8068 [egg-security] use nosniff middleware
2019-07-28 22:01:09,250 INFO 8068 [egg-security] use xssProtection middleware
2019-07-28 22:01:09,250 INFO 8068 [egg-security] use xframe middleware
2019-07-28 22:01:09,251 INFO 8068 [egg-security] use dta middleware
2019-07-28 22:01:09,251 INFO 8068 [egg-security] compose 7 middlewares into one security middleware
2019-07-28 22:01:09,267 INFO 8068 [egg:core] dump config after load, 14ms
2019-07-28 22:01:09,283 INFO 8068 [egg-watcher:application] watcher start success
2019-07-28 22:01:09,302 INFO 8068 [egg:core] dump config after ready, 15ms
2019-07-28 22:01:13,764 INFO 6648 [egg:logger] init all loggers with options: {"dir":"C:\\Users\\Dragon-PC\\Desktop\\eggDemo\\logs\\eggDemo","encoding":"utf8","env":"local","level":"INFO","consoleLevel":"INFO","disableConsoleAfterReady":false,"outputJSON":false,"buffer":true,"appLogName":"eggDemo-web.log","coreLogName":"egg-web.log","agentLogName":"egg-agent.log","errorLogName":"common-error.log","coreLogger":{"consoleLevel":"WARN"},"allowDebugAtProd":false,"type":"application"}
2019-07-28 22:01:13,789 INFO 6648 [egg-multipart] stream mode enable
2019-07-28 22:01:13,843 INFO 6648 [egg-static] starting static serve /public/ -> C:\Users\Dragon-PC\Desktop\eggDemo\app\public
2019-07-28 22:01:13,845 INFO 6648 [egg-security] use csrf middleware
2019-07-28 22:01:13,846 INFO 6648 [egg-security] use methodnoallow middleware
2019-07-28 22:01:13,846 INFO 6648 [egg-security] use noopen middleware
2019-07-28 22:01:13,848 INFO 6648 [egg-security] use nosniff middleware
2019-07-28 22:01:13,848 INFO 6648 [egg-security] use xssProtection middleware
2019-07-28 22:01:13,849 INFO 6648 [egg-security] use xframe middleware
2019-07-28 22:01:13,849 INFO 6648 [egg-security] use dta middleware
2019-07-28 22:01:13,849 INFO 6648 [egg-security] compose 7 middlewares into one security middleware
2019-07-28 22:01:13,868 INFO 6648 [egg:core] dump config after load, 12ms
2019-07-28 22:01:13,883 INFO 6648 [egg-watcher:application] watcher start success
2019-07-28 22:01:13,903 INFO 6648 [egg:core] dump config after ready, 17ms
2019-07-28 22:09:05,086 INFO 692 [egg:logger] init all loggers with options: {"dir":"C:\\Users\\Dragon-PC\\Desktop\\eggDemo\\logs\\eggDemo","encoding":"utf8","env":"local","level":"INFO","consoleLevel":"INFO","disableConsoleAfterReady":false,"outputJSON":false,"buffer":true,"appLogName":"eggDemo-web.log","coreLogName":"egg-web.log","agentLogName":"egg-agent.log","errorLogName":"common-error.log","coreLogger":{"consoleLevel":"WARN"},"allowDebugAtProd":false,"type":"application"}
2019-07-28 22:09:05,109 INFO 692 [egg-multipart] stream mode enable
2019-07-28 22:09:05,157 INFO 692 [egg-static] starting static serve /public/ -> C:\Users\Dragon-PC\Desktop\eggDemo\app\public
2019-07-28 22:09:05,159 INFO 692 [egg-security] use csrf middleware
2019-07-28 22:09:05,160 INFO 692 [egg-security] use methodnoallow middleware
2019-07-28 22:09:05,160 INFO 692 [egg-security] use noopen middleware
2019-07-28 22:09:05,161 INFO 692 [egg-security] use nosniff middleware
2019-07-28 22:09:05,161 INFO 692 [egg-security] use xssProtection middleware
2019-07-28 22:09:05,161 INFO 692 [egg-security] use xframe middleware
2019-07-28 22:09:05,162 INFO 692 [egg-security] use dta middleware
2019-07-28 22:09:05,162 INFO 692 [egg-security] compose 7 middlewares into one security middleware
2019-07-28 22:09:05,177 INFO 692 [egg:core] dump config after load, 12ms
2019-07-28 22:09:05,191 INFO 692 [egg-watcher:application] watcher start success
2019-07-28 22:09:05,210 INFO 692 [egg:core] dump config after ready, 17ms
2019-07-28 22:09:10,285 INFO 692 [egg-view-nunjucks] loading templates from ["C:\\Users\\Dragon-PC\\Desktop\\eggDemo\\app\\view"]
2019-07-28 22:10:42,480 INFO 964 [egg:logger] init all loggers with options: {"dir":"C:\\Users\\Dragon-PC\\Desktop\\eggDemo\\logs\\eggDemo","encoding":"utf8","env":"local","level":"INFO","consoleLevel":"INFO","disableConsoleAfterReady":false,"outputJSON":false,"buffer":true,"appLogName":"eggDemo-web.log","coreLogName":"egg-web.log","agentLogName":"egg-agent.log","errorLogName":"common-error.log","coreLogger":{"consoleLevel":"WARN"},"allowDebugAtProd":false,"type":"application"}
2019-07-28 22:10:42,507 INFO 964 [egg-multipart] stream mode enable
2019-07-28 22:10:42,565 INFO 964 [egg-static] starting static serve /public/ -> C:\Users\Dragon-PC\Desktop\eggDemo\app\public
2019-07-28 22:10:42,567 INFO 964 [egg-security] use csrf middleware
2019-07-28 22:10:42,568 INFO 964 [egg-security] use methodnoallow middleware
2019-07-28 22:10:42,568 INFO 964 [egg-security] use noopen middleware
2019-07-28 22:10:42,569 INFO 964 [egg-security] use nosniff middleware
2019-07-28 22:10:42,569 INFO 964 [egg-security] use xssProtection middleware
2019-07-28 22:10:42,570 INFO 964 [egg-security] use xframe middleware
2019-07-28 22:10:42,570 INFO 964 [egg-security] use dta middleware
2019-07-28 22:10:42,570 INFO 964 [egg-security] compose 7 middlewares into one security middleware
2019-07-28 22:10:42,578 INFO 964 [egg:core] dump config after load, 5ms
2019-07-28 22:10:42,593 INFO 964 [egg-watcher:application] watcher start success
2019-07-28 22:10:42,601 INFO 964 [egg:core] dump config after ready, 4ms
2019-07-28 22:10:45,257 INFO 964 [egg-view-nunjucks] loading templates from ["C:\\Users\\Dragon-PC\\Desktop\\eggDemo\\app\\view"]
2019-07-28 22:12:23,709 INFO 6092 [egg:logger] init all loggers with options: {"dir":"C:\\Users\\Dragon-PC\\Desktop\\eggDemo\\logs\\eggDemo","encoding":"utf8","env":"local","level":"INFO","consoleLevel":"INFO","disableConsoleAfterReady":false,"outputJSON":false,"buffer":true,"appLogName":"eggDemo-web.log","coreLogName":"egg-web.log","agentLogName":"egg-agent.log","errorLogName":"common-error.log","coreLogger":{"consoleLevel":"WARN"},"allowDebugAtProd":false,"type":"application"}
2019-07-28 22:12:23,737 INFO 6092 [egg-multipart] stream mode enable
2019-07-28 22:12:23,794 INFO 6092 [egg-static] starting static serve /public/ -> C:\Users\Dragon-PC\Desktop\eggDemo\app\public
2019-07-28 22:12:23,797 INFO 6092 [egg-security] use csrf middleware
2019-07-28 22:12:23,798 INFO 6092 [egg-security] use methodnoallow middleware
2019-07-28 22:12:23,798 INFO 6092 [egg-security] use noopen middleware
2019-07-28 22:12:23,799 INFO 6092 [egg-security] use nosniff middleware
2019-07-28 22:12:23,800 INFO 6092 [egg-security] use xssProtection middleware
2019-07-28 22:12:23,800 INFO 6092 [egg-security] use xframe middleware
2019-07-28 22:12:23,800 INFO 6092 [egg-security] use dta middleware
2019-07-28 22:12:23,800 INFO 6092 [egg-security] compose 7 middlewares into one security middleware
2019-07-28 22:12:23,817 INFO 6092 [egg:core] dump config after load, 14ms
2019-07-28 22:12:23,833 INFO 6092 [egg-watcher:application] watcher start success
2019-07-28 22:12:23,851 INFO 6092 [egg:core] dump config after ready, 16ms
