2019-07-28 00:18:18,166 INFO 3844 [Timer] C:\Users\Dragon-PC\Desktop\eggDemo\node_modules\egg-multipart\app\schedule\clean_tmpdir.js next time will execute after 15101836ms at 2019-07-28 04:30:00.002
2019-07-28 00:18:18,167 INFO 3844 [Timer] C:\Users\Dragon-PC\Desktop\eggDemo\node_modules\egg-logrotator\app\schedule\clean_log.js next time will execute after 85301833ms at 2019-07-29 00:00:00.000
2019-07-28 00:18:18,168 INFO 3844 [Timer] C:\Users\Dragon-PC\Desktop\eggDemo\node_modules\egg-logrotator\app\schedule\rotate_by_file.js next time will execute after 85302833ms at 2019-07-29 00:00:01.001
2019-07-28 00:18:18,082 INFO 5416 [egg-schedule]: register schedule C:\Users\Dragon-PC\Desktop\eggDemo\node_modules\egg-multipart\app\schedule\clean_tmpdir.js
2019-07-28 00:18:18,082 INFO 5416 [egg-schedule]: register schedule C:\Users\Dragon-PC\Desktop\eggDemo\node_modules\egg-logrotator\app\schedule\clean_log.js
2019-07-28 00:18:18,082 INFO 5416 [egg-schedule]: register schedule C:\Users\Dragon-PC\Desktop\eggDemo\node_modules\egg-logrotator\app\schedule\rotate_by_file.js
2019-07-28 00:56:53,272 INFO 3288 [Timer] C:\Users\Dragon-PC\Desktop\eggDemo\node_modules\egg-multipart\app\schedule\clean_tmpdir.js next time will execute after 12786730ms at 2019-07-28 04:30:00.002
2019-07-28 00:56:53,273 INFO 3288 [Timer] C:\Users\Dragon-PC\Desktop\eggDemo\node_modules\egg-logrotator\app\schedule\clean_log.js next time will execute after 82986728ms at 2019-07-29 00:00:00.001
2019-07-28 00:56:53,273 INFO 3288 [Timer] C:\Users\Dragon-PC\Desktop\eggDemo\node_modules\egg-logrotator\app\schedule\rotate_by_file.js next time will execute after 82987727ms at 2019-07-29 00:00:01.000
2019-07-28 00:56:53,167 INFO 6900 [egg-schedule]: register schedule C:\Users\Dragon-PC\Desktop\eggDemo\node_modules\egg-multipart\app\schedule\clean_tmpdir.js
2019-07-28 00:56:53,167 INFO 6900 [egg-schedule]: register schedule C:\Users\Dragon-PC\Desktop\eggDemo\node_modules\egg-logrotator\app\schedule\clean_log.js
2019-07-28 00:56:53,167 INFO 6900 [egg-schedule]: register schedule C:\Users\Dragon-PC\Desktop\eggDemo\node_modules\egg-logrotator\app\schedule\rotate_by_file.js
2019-07-28 00:58:10,427 INFO 3332 [egg-schedule]: register schedule C:\Users\Dragon-PC\Desktop\eggDemo\node_modules\egg-multipart\app\schedule\clean_tmpdir.js
2019-07-28 00:58:10,427 INFO 3332 [egg-schedule]: register schedule C:\Users\Dragon-PC\Desktop\eggDemo\node_modules\egg-logrotator\app\schedule\clean_log.js
2019-07-28 00:58:10,427 INFO 3332 [egg-schedule]: register schedule C:\Users\Dragon-PC\Desktop\eggDemo\node_modules\egg-logrotator\app\schedule\rotate_by_file.js
2019-07-28 01:00:10,613 INFO 4100 [egg-schedule]: register schedule C:\Users\Dragon-PC\Desktop\eggDemo\node_modules\egg-multipart\app\schedule\clean_tmpdir.js
2019-07-28 01:00:10,613 INFO 4100 [egg-schedule]: register schedule C:\Users\Dragon-PC\Desktop\eggDemo\node_modules\egg-logrotator\app\schedule\clean_log.js
2019-07-28 01:00:10,613 INFO 4100 [egg-schedule]: register schedule C:\Users\Dragon-PC\Desktop\eggDemo\node_modules\egg-logrotator\app\schedule\rotate_by_file.js
2019-07-28 01:01:30,051 INFO 7320 [egg-schedule]: register schedule C:\Users\Dragon-PC\Desktop\eggDemo\node_modules\egg-multipart\app\schedule\clean_tmpdir.js
2019-07-28 01:01:30,051 INFO 7320 [egg-schedule]: register schedule C:\Users\Dragon-PC\Desktop\eggDemo\node_modules\egg-logrotator\app\schedule\clean_log.js
2019-07-28 01:01:30,051 INFO 7320 [egg-schedule]: register schedule C:\Users\Dragon-PC\Desktop\eggDemo\node_modules\egg-logrotator\app\schedule\rotate_by_file.js
2019-07-28 01:01:40,463 INFO 7432 [egg-schedule]: register schedule C:\Users\Dragon-PC\Desktop\eggDemo\node_modules\egg-multipart\app\schedule\clean_tmpdir.js
2019-07-28 01:01:40,463 INFO 7432 [egg-schedule]: register schedule C:\Users\Dragon-PC\Desktop\eggDemo\node_modules\egg-logrotator\app\schedule\clean_log.js
2019-07-28 01:01:40,463 INFO 7432 [egg-schedule]: register schedule C:\Users\Dragon-PC\Desktop\eggDemo\node_modules\egg-logrotator\app\schedule\rotate_by_file.js
2019-07-28 01:02:03,558 INFO 6880 [egg-schedule]: register schedule C:\Users\Dragon-PC\Desktop\eggDemo\node_modules\egg-multipart\app\schedule\clean_tmpdir.js
2019-07-28 01:02:03,558 INFO 6880 [egg-schedule]: register schedule C:\Users\Dragon-PC\Desktop\eggDemo\node_modules\egg-logrotator\app\schedule\clean_log.js
2019-07-28 01:02:03,558 INFO 6880 [egg-schedule]: register schedule C:\Users\Dragon-PC\Desktop\eggDemo\node_modules\egg-logrotator\app\schedule\rotate_by_file.js
2019-07-28 01:04:02,103 INFO 7760 [egg-schedule]: register schedule C:\Users\Dragon-PC\Desktop\eggDemo\node_modules\egg-multipart\app\schedule\clean_tmpdir.js
2019-07-28 01:04:02,103 INFO 7760 [egg-schedule]: register schedule C:\Users\Dragon-PC\Desktop\eggDemo\node_modules\egg-logrotator\app\schedule\clean_log.js
2019-07-28 01:04:02,103 INFO 7760 [egg-schedule]: register schedule C:\Users\Dragon-PC\Desktop\eggDemo\node_modules\egg-logrotator\app\schedule\rotate_by_file.js
2019-07-28 01:04:53,914 INFO 1112 [egg-schedule]: register schedule C:\Users\Dragon-PC\Desktop\eggDemo\node_modules\egg-multipart\app\schedule\clean_tmpdir.js
2019-07-28 01:04:53,914 INFO 1112 [egg-schedule]: register schedule C:\Users\Dragon-PC\Desktop\eggDemo\node_modules\egg-logrotator\app\schedule\clean_log.js
2019-07-28 01:04:53,914 INFO 1112 [egg-schedule]: register schedule C:\Users\Dragon-PC\Desktop\eggDemo\node_modules\egg-logrotator\app\schedule\rotate_by_file.js
2019-07-28 01:06:54,801 INFO 5708 [egg-schedule]: register schedule C:\Users\Dragon-PC\Desktop\eggDemo\node_modules\egg-multipart\app\schedule\clean_tmpdir.js
2019-07-28 01:06:54,801 INFO 5708 [egg-schedule]: register schedule C:\Users\Dragon-PC\Desktop\eggDemo\node_modules\egg-logrotator\app\schedule\clean_log.js
2019-07-28 01:06:54,801 INFO 5708 [egg-schedule]: register schedule C:\Users\Dragon-PC\Desktop\eggDemo\node_modules\egg-logrotator\app\schedule\rotate_by_file.js
2019-07-28 01:07:35,422 INFO 7248 [egg-schedule]: register schedule C:\Users\Dragon-PC\Desktop\eggDemo\node_modules\egg-multipart\app\schedule\clean_tmpdir.js
2019-07-28 01:07:35,422 INFO 7248 [egg-schedule]: register schedule C:\Users\Dragon-PC\Desktop\eggDemo\node_modules\egg-logrotator\app\schedule\clean_log.js
2019-07-28 01:07:35,422 INFO 7248 [egg-schedule]: register schedule C:\Users\Dragon-PC\Desktop\eggDemo\node_modules\egg-logrotator\app\schedule\rotate_by_file.js
2019-07-28 01:08:19,468 INFO 7268 [egg-schedule]: register schedule C:\Users\Dragon-PC\Desktop\eggDemo\node_modules\egg-multipart\app\schedule\clean_tmpdir.js
2019-07-28 01:08:19,468 INFO 7268 [egg-schedule]: register schedule C:\Users\Dragon-PC\Desktop\eggDemo\node_modules\egg-logrotator\app\schedule\clean_log.js
2019-07-28 01:08:19,468 INFO 7268 [egg-schedule]: register schedule C:\Users\Dragon-PC\Desktop\eggDemo\node_modules\egg-logrotator\app\schedule\rotate_by_file.js
2019-07-28 01:09:28,847 INFO 4536 [egg-schedule]: register schedule C:\Users\Dragon-PC\Desktop\eggDemo\node_modules\egg-multipart\app\schedule\clean_tmpdir.js
2019-07-28 01:09:28,848 INFO 4536 [egg-schedule]: register schedule C:\Users\Dragon-PC\Desktop\eggDemo\node_modules\egg-logrotator\app\schedule\clean_log.js
2019-07-28 01:09:28,848 INFO 4536 [egg-schedule]: register schedule C:\Users\Dragon-PC\Desktop\eggDemo\node_modules\egg-logrotator\app\schedule\rotate_by_file.js
2019-07-28 01:09:36,617 INFO 7460 [egg-schedule]: register schedule C:\Users\Dragon-PC\Desktop\eggDemo\node_modules\egg-multipart\app\schedule\clean_tmpdir.js
2019-07-28 01:09:36,617 INFO 7460 [egg-schedule]: register schedule C:\Users\Dragon-PC\Desktop\eggDemo\node_modules\egg-logrotator\app\schedule\clean_log.js
2019-07-28 01:09:36,617 INFO 7460 [egg-schedule]: register schedule C:\Users\Dragon-PC\Desktop\eggDemo\node_modules\egg-logrotator\app\schedule\rotate_by_file.js
2019-07-28 01:10:06,451 INFO 7840 [egg-schedule]: register schedule C:\Users\Dragon-PC\Desktop\eggDemo\node_modules\egg-multipart\app\schedule\clean_tmpdir.js
2019-07-28 01:10:06,451 INFO 7840 [egg-schedule]: register schedule C:\Users\Dragon-PC\Desktop\eggDemo\node_modules\egg-logrotator\app\schedule\clean_log.js
2019-07-28 01:10:06,451 INFO 7840 [egg-schedule]: register schedule C:\Users\Dragon-PC\Desktop\eggDemo\node_modules\egg-logrotator\app\schedule\rotate_by_file.js
2019-07-28 13:57:08,347 INFO 6336 [Timer] C:\Users\Dragon-PC\Desktop\eggDemo\node_modules\egg-multipart\app\schedule\clean_tmpdir.js next time will execute after 52371656ms at 2019-07-29 04:30:00.003
2019-07-28 13:57:08,348 INFO 6336 [Timer] C:\Users\Dragon-PC\Desktop\eggDemo\node_modules\egg-logrotator\app\schedule\clean_log.js next time will execute after 36171653ms at 2019-07-29 00:00:00.001
2019-07-28 13:57:08,348 INFO 6336 [Timer] C:\Users\Dragon-PC\Desktop\eggDemo\node_modules\egg-logrotator\app\schedule\rotate_by_file.js next time will execute after 36172652ms at 2019-07-29 00:00:01.000
2019-07-28 13:57:07,694 INFO 1232 [egg-schedule]: register schedule C:\Users\Dragon-PC\Desktop\eggDemo\node_modules\egg-multipart\app\schedule\clean_tmpdir.js
2019-07-28 13:57:07,694 INFO 1232 [egg-schedule]: register schedule C:\Users\Dragon-PC\Desktop\eggDemo\node_modules\egg-logrotator\app\schedule\clean_log.js
2019-07-28 13:57:07,694 INFO 1232 [egg-schedule]: register schedule C:\Users\Dragon-PC\Desktop\eggDemo\node_modules\egg-logrotator\app\schedule\rotate_by_file.js
2019-07-28 14:29:42,144 INFO 3192 [egg-schedule]: register schedule C:\Users\Dragon-PC\Desktop\eggDemo\node_modules\egg-multipart\app\schedule\clean_tmpdir.js
2019-07-28 14:29:42,144 INFO 3192 [egg-schedule]: register schedule C:\Users\Dragon-PC\Desktop\eggDemo\node_modules\egg-logrotator\app\schedule\clean_log.js
2019-07-28 14:29:42,144 INFO 3192 [egg-schedule]: register schedule C:\Users\Dragon-PC\Desktop\eggDemo\node_modules\egg-logrotator\app\schedule\rotate_by_file.js
2019-07-28 14:30:35,195 INFO 2924 [egg-schedule]: register schedule C:\Users\Dragon-PC\Desktop\eggDemo\node_modules\egg-multipart\app\schedule\clean_tmpdir.js
2019-07-28 14:30:35,195 INFO 2924 [egg-schedule]: register schedule C:\Users\Dragon-PC\Desktop\eggDemo\node_modules\egg-logrotator\app\schedule\clean_log.js
2019-07-28 14:30:35,195 INFO 2924 [egg-schedule]: register schedule C:\Users\Dragon-PC\Desktop\eggDemo\node_modules\egg-logrotator\app\schedule\rotate_by_file.js
2019-07-28 14:31:48,141 INFO 6564 [egg-schedule]: register schedule C:\Users\Dragon-PC\Desktop\eggDemo\node_modules\egg-multipart\app\schedule\clean_tmpdir.js
2019-07-28 14:31:48,142 INFO 6564 [egg-schedule]: register schedule C:\Users\Dragon-PC\Desktop\eggDemo\node_modules\egg-logrotator\app\schedule\clean_log.js
2019-07-28 14:31:48,142 INFO 6564 [egg-schedule]: register schedule C:\Users\Dragon-PC\Desktop\eggDemo\node_modules\egg-logrotator\app\schedule\rotate_by_file.js
2019-07-28 14:32:00,117 INFO 3748 [egg-schedule]: register schedule C:\Users\Dragon-PC\Desktop\eggDemo\node_modules\egg-multipart\app\schedule\clean_tmpdir.js
2019-07-28 14:32:00,117 INFO 3748 [egg-schedule]: register schedule C:\Users\Dragon-PC\Desktop\eggDemo\node_modules\egg-logrotator\app\schedule\clean_log.js
2019-07-28 14:32:00,117 INFO 3748 [egg-schedule]: register schedule C:\Users\Dragon-PC\Desktop\eggDemo\node_modules\egg-logrotator\app\schedule\rotate_by_file.js
2019-07-28 14:36:03,965 INFO 5172 [egg-schedule]: register schedule C:\Users\Dragon-PC\Desktop\eggDemo\node_modules\egg-multipart\app\schedule\clean_tmpdir.js
2019-07-28 14:36:03,965 INFO 5172 [egg-schedule]: register schedule C:\Users\Dragon-PC\Desktop\eggDemo\node_modules\egg-logrotator\app\schedule\clean_log.js
2019-07-28 14:36:03,965 INFO 5172 [egg-schedule]: register schedule C:\Users\Dragon-PC\Desktop\eggDemo\node_modules\egg-logrotator\app\schedule\rotate_by_file.js
2019-07-28 14:36:59,950 INFO 1952 [egg-schedule]: register schedule C:\Users\Dragon-PC\Desktop\eggDemo\node_modules\egg-multipart\app\schedule\clean_tmpdir.js
2019-07-28 14:36:59,950 INFO 1952 [egg-schedule]: register schedule C:\Users\Dragon-PC\Desktop\eggDemo\node_modules\egg-logrotator\app\schedule\clean_log.js
2019-07-28 14:36:59,950 INFO 1952 [egg-schedule]: register schedule C:\Users\Dragon-PC\Desktop\eggDemo\node_modules\egg-logrotator\app\schedule\rotate_by_file.js
2019-07-28 14:37:06,133 INFO 2476 [egg-schedule]: register schedule C:\Users\Dragon-PC\Desktop\eggDemo\node_modules\egg-multipart\app\schedule\clean_tmpdir.js
2019-07-28 14:37:06,133 INFO 2476 [egg-schedule]: register schedule C:\Users\Dragon-PC\Desktop\eggDemo\node_modules\egg-logrotator\app\schedule\clean_log.js
2019-07-28 14:37:06,133 INFO 2476 [egg-schedule]: register schedule C:\Users\Dragon-PC\Desktop\eggDemo\node_modules\egg-logrotator\app\schedule\rotate_by_file.js
2019-07-28 14:38:13,935 INFO 5800 [egg-schedule]: register schedule C:\Users\Dragon-PC\Desktop\eggDemo\node_modules\egg-multipart\app\schedule\clean_tmpdir.js
2019-07-28 14:38:13,935 INFO 5800 [egg-schedule]: register schedule C:\Users\Dragon-PC\Desktop\eggDemo\node_modules\egg-logrotator\app\schedule\clean_log.js
2019-07-28 14:38:13,935 INFO 5800 [egg-schedule]: register schedule C:\Users\Dragon-PC\Desktop\eggDemo\node_modules\egg-logrotator\app\schedule\rotate_by_file.js
2019-07-28 14:39:02,975 INFO 5672 [egg-schedule]: register schedule C:\Users\Dragon-PC\Desktop\eggDemo\node_modules\egg-multipart\app\schedule\clean_tmpdir.js
2019-07-28 14:39:02,976 INFO 5672 [egg-schedule]: register schedule C:\Users\Dragon-PC\Desktop\eggDemo\node_modules\egg-logrotator\app\schedule\clean_log.js
2019-07-28 14:39:02,976 INFO 5672 [egg-schedule]: register schedule C:\Users\Dragon-PC\Desktop\eggDemo\node_modules\egg-logrotator\app\schedule\rotate_by_file.js
2019-07-28 14:39:11,409 INFO 5832 [egg-schedule]: register schedule C:\Users\Dragon-PC\Desktop\eggDemo\node_modules\egg-multipart\app\schedule\clean_tmpdir.js
2019-07-28 14:39:11,409 INFO 5832 [egg-schedule]: register schedule C:\Users\Dragon-PC\Desktop\eggDemo\node_modules\egg-logrotator\app\schedule\clean_log.js
2019-07-28 14:39:11,409 INFO 5832 [egg-schedule]: register schedule C:\Users\Dragon-PC\Desktop\eggDemo\node_modules\egg-logrotator\app\schedule\rotate_by_file.js
2019-07-28 14:40:13,771 INFO 144 [egg-schedule]: register schedule C:\Users\Dragon-PC\Desktop\eggDemo\node_modules\egg-multipart\app\schedule\clean_tmpdir.js
2019-07-28 14:40:13,771 INFO 144 [egg-schedule]: register schedule C:\Users\Dragon-PC\Desktop\eggDemo\node_modules\egg-logrotator\app\schedule\clean_log.js
2019-07-28 14:40:13,771 INFO 144 [egg-schedule]: register schedule C:\Users\Dragon-PC\Desktop\eggDemo\node_modules\egg-logrotator\app\schedule\rotate_by_file.js
2019-07-28 14:40:53,735 INFO 6312 [egg-schedule]: register schedule C:\Users\Dragon-PC\Desktop\eggDemo\node_modules\egg-multipart\app\schedule\clean_tmpdir.js
2019-07-28 14:40:53,735 INFO 6312 [egg-schedule]: register schedule C:\Users\Dragon-PC\Desktop\eggDemo\node_modules\egg-logrotator\app\schedule\clean_log.js
2019-07-28 14:40:53,735 INFO 6312 [egg-schedule]: register schedule C:\Users\Dragon-PC\Desktop\eggDemo\node_modules\egg-logrotator\app\schedule\rotate_by_file.js
2019-07-28 14:41:24,139 INFO 4448 [egg-schedule]: register schedule C:\Users\Dragon-PC\Desktop\eggDemo\node_modules\egg-multipart\app\schedule\clean_tmpdir.js
2019-07-28 14:41:24,139 INFO 4448 [egg-schedule]: register schedule C:\Users\Dragon-PC\Desktop\eggDemo\node_modules\egg-logrotator\app\schedule\clean_log.js
2019-07-28 14:41:24,139 INFO 4448 [egg-schedule]: register schedule C:\Users\Dragon-PC\Desktop\eggDemo\node_modules\egg-logrotator\app\schedule\rotate_by_file.js
2019-07-28 14:42:01,188 INFO 6356 [egg-schedule]: register schedule C:\Users\Dragon-PC\Desktop\eggDemo\node_modules\egg-multipart\app\schedule\clean_tmpdir.js
2019-07-28 14:42:01,188 INFO 6356 [egg-schedule]: register schedule C:\Users\Dragon-PC\Desktop\eggDemo\node_modules\egg-logrotator\app\schedule\clean_log.js
2019-07-28 14:42:01,188 INFO 6356 [egg-schedule]: register schedule C:\Users\Dragon-PC\Desktop\eggDemo\node_modules\egg-logrotator\app\schedule\rotate_by_file.js
2019-07-28 14:42:23,568 INFO 6384 [egg-schedule]: register schedule C:\Users\Dragon-PC\Desktop\eggDemo\node_modules\egg-multipart\app\schedule\clean_tmpdir.js
2019-07-28 14:42:23,568 INFO 6384 [egg-schedule]: register schedule C:\Users\Dragon-PC\Desktop\eggDemo\node_modules\egg-logrotator\app\schedule\clean_log.js
2019-07-28 14:42:23,568 INFO 6384 [egg-schedule]: register schedule C:\Users\Dragon-PC\Desktop\eggDemo\node_modules\egg-logrotator\app\schedule\rotate_by_file.js
2019-07-28 14:43:47,278 INFO 5844 [egg-schedule]: register schedule C:\Users\Dragon-PC\Desktop\eggDemo\node_modules\egg-multipart\app\schedule\clean_tmpdir.js
2019-07-28 14:43:47,278 INFO 5844 [egg-schedule]: register schedule C:\Users\Dragon-PC\Desktop\eggDemo\node_modules\egg-logrotator\app\schedule\clean_log.js
2019-07-28 14:43:47,278 INFO 5844 [egg-schedule]: register schedule C:\Users\Dragon-PC\Desktop\eggDemo\node_modules\egg-logrotator\app\schedule\rotate_by_file.js
2019-07-28 14:44:31,775 INFO 7000 [egg-schedule]: register schedule C:\Users\Dragon-PC\Desktop\eggDemo\node_modules\egg-multipart\app\schedule\clean_tmpdir.js
2019-07-28 14:44:31,775 INFO 7000 [egg-schedule]: register schedule C:\Users\Dragon-PC\Desktop\eggDemo\node_modules\egg-logrotator\app\schedule\clean_log.js
2019-07-28 14:44:31,775 INFO 7000 [egg-schedule]: register schedule C:\Users\Dragon-PC\Desktop\eggDemo\node_modules\egg-logrotator\app\schedule\rotate_by_file.js
2019-07-28 14:44:51,574 INFO 2744 [egg-schedule]: register schedule C:\Users\Dragon-PC\Desktop\eggDemo\node_modules\egg-multipart\app\schedule\clean_tmpdir.js
2019-07-28 14:44:51,574 INFO 2744 [egg-schedule]: register schedule C:\Users\Dragon-PC\Desktop\eggDemo\node_modules\egg-logrotator\app\schedule\clean_log.js
2019-07-28 14:44:51,574 INFO 2744 [egg-schedule]: register schedule C:\Users\Dragon-PC\Desktop\eggDemo\node_modules\egg-logrotator\app\schedule\rotate_by_file.js
2019-07-28 14:45:46,860 INFO 2596 [egg-schedule]: register schedule C:\Users\Dragon-PC\Desktop\eggDemo\node_modules\egg-multipart\app\schedule\clean_tmpdir.js
2019-07-28 14:45:46,860 INFO 2596 [egg-schedule]: register schedule C:\Users\Dragon-PC\Desktop\eggDemo\node_modules\egg-logrotator\app\schedule\clean_log.js
2019-07-28 14:45:46,860 INFO 2596 [egg-schedule]: register schedule C:\Users\Dragon-PC\Desktop\eggDemo\node_modules\egg-logrotator\app\schedule\rotate_by_file.js
2019-07-28 14:47:18,511 INFO 5832 [egg-schedule]: register schedule C:\Users\Dragon-PC\Desktop\eggDemo\node_modules\egg-multipart\app\schedule\clean_tmpdir.js
2019-07-28 14:47:18,511 INFO 5832 [egg-schedule]: register schedule C:\Users\Dragon-PC\Desktop\eggDemo\node_modules\egg-logrotator\app\schedule\clean_log.js
2019-07-28 14:47:18,511 INFO 5832 [egg-schedule]: register schedule C:\Users\Dragon-PC\Desktop\eggDemo\node_modules\egg-logrotator\app\schedule\rotate_by_file.js
2019-07-28 14:50:55,399 INFO 5708 [egg-schedule]: register schedule C:\Users\Dragon-PC\Desktop\eggDemo\node_modules\egg-multipart\app\schedule\clean_tmpdir.js
2019-07-28 14:50:55,399 INFO 5708 [egg-schedule]: register schedule C:\Users\Dragon-PC\Desktop\eggDemo\node_modules\egg-logrotator\app\schedule\clean_log.js
2019-07-28 14:50:55,399 INFO 5708 [egg-schedule]: register schedule C:\Users\Dragon-PC\Desktop\eggDemo\node_modules\egg-logrotator\app\schedule\rotate_by_file.js
2019-07-28 14:52:51,886 INFO 6596 [egg-schedule]: register schedule C:\Users\Dragon-PC\Desktop\eggDemo\node_modules\egg-multipart\app\schedule\clean_tmpdir.js
2019-07-28 14:52:51,886 INFO 6596 [egg-schedule]: register schedule C:\Users\Dragon-PC\Desktop\eggDemo\node_modules\egg-logrotator\app\schedule\clean_log.js
2019-07-28 14:52:51,886 INFO 6596 [egg-schedule]: register schedule C:\Users\Dragon-PC\Desktop\eggDemo\node_modules\egg-logrotator\app\schedule\rotate_by_file.js
2019-07-28 14:53:13,327 INFO 6532 [egg-schedule]: register schedule C:\Users\Dragon-PC\Desktop\eggDemo\node_modules\egg-multipart\app\schedule\clean_tmpdir.js
2019-07-28 14:53:13,327 INFO 6532 [egg-schedule]: register schedule C:\Users\Dragon-PC\Desktop\eggDemo\node_modules\egg-logrotator\app\schedule\clean_log.js
2019-07-28 14:53:13,327 INFO 6532 [egg-schedule]: register schedule C:\Users\Dragon-PC\Desktop\eggDemo\node_modules\egg-logrotator\app\schedule\rotate_by_file.js
2019-07-28 14:54:56,712 INFO 6124 [egg-schedule]: register schedule C:\Users\Dragon-PC\Desktop\eggDemo\node_modules\egg-multipart\app\schedule\clean_tmpdir.js
2019-07-28 14:54:56,712 INFO 6124 [egg-schedule]: register schedule C:\Users\Dragon-PC\Desktop\eggDemo\node_modules\egg-logrotator\app\schedule\clean_log.js
2019-07-28 14:54:56,712 INFO 6124 [egg-schedule]: register schedule C:\Users\Dragon-PC\Desktop\eggDemo\node_modules\egg-logrotator\app\schedule\rotate_by_file.js
2019-07-28 14:54:56,808 INFO 7072 [Timer] C:\Users\Dragon-PC\Desktop\eggDemo\node_modules\egg-multipart\app\schedule\clean_tmpdir.js next time will execute after 48903195ms at 2019-07-29 04:30:00.003
2019-07-28 14:54:56,808 INFO 7072 [Timer] C:\Users\Dragon-PC\Desktop\eggDemo\node_modules\egg-logrotator\app\schedule\clean_log.js next time will execute after 32703192ms at 2019-07-29 00:00:00.000
2019-07-28 14:54:56,808 INFO 7072 [Timer] C:\Users\Dragon-PC\Desktop\eggDemo\node_modules\egg-logrotator\app\schedule\rotate_by_file.js next time will execute after 32704192ms at 2019-07-29 00:00:01.000
2019-07-28 14:59:28,741 INFO 6112 [Timer] C:\Users\Dragon-PC\Desktop\eggDemo\node_modules\egg-multipart\app\schedule\clean_tmpdir.js next time will execute after 48631261ms at 2019-07-29 04:30:00.002
2019-07-28 14:59:28,742 INFO 6112 [Timer] C:\Users\Dragon-PC\Desktop\eggDemo\node_modules\egg-logrotator\app\schedule\clean_log.js next time will execute after 32431258ms at 2019-07-29 00:00:00.000
2019-07-28 14:59:28,742 INFO 6112 [Timer] C:\Users\Dragon-PC\Desktop\eggDemo\node_modules\egg-logrotator\app\schedule\rotate_by_file.js next time will execute after 32432258ms at 2019-07-29 00:00:01.000
2019-07-28 14:59:28,642 INFO 6104 [egg-schedule]: register schedule C:\Users\Dragon-PC\Desktop\eggDemo\node_modules\egg-multipart\app\schedule\clean_tmpdir.js
2019-07-28 14:59:28,642 INFO 6104 [egg-schedule]: register schedule C:\Users\Dragon-PC\Desktop\eggDemo\node_modules\egg-logrotator\app\schedule\clean_log.js
2019-07-28 14:59:28,642 INFO 6104 [egg-schedule]: register schedule C:\Users\Dragon-PC\Desktop\eggDemo\node_modules\egg-logrotator\app\schedule\rotate_by_file.js
2019-07-28 15:39:02,448 INFO 7736 [egg-schedule]: register schedule C:\Users\Dragon-PC\Desktop\eggDemo\node_modules\egg-multipart\app\schedule\clean_tmpdir.js
2019-07-28 15:39:02,448 INFO 7736 [egg-schedule]: register schedule C:\Users\Dragon-PC\Desktop\eggDemo\node_modules\egg-logrotator\app\schedule\clean_log.js
2019-07-28 15:39:02,448 INFO 7736 [egg-schedule]: register schedule C:\Users\Dragon-PC\Desktop\eggDemo\node_modules\egg-logrotator\app\schedule\rotate_by_file.js
2019-07-28 15:39:26,697 INFO 7576 [egg-schedule]: register schedule C:\Users\Dragon-PC\Desktop\eggDemo\node_modules\egg-multipart\app\schedule\clean_tmpdir.js
2019-07-28 15:39:26,697 INFO 7576 [egg-schedule]: register schedule C:\Users\Dragon-PC\Desktop\eggDemo\node_modules\egg-logrotator\app\schedule\clean_log.js
2019-07-28 15:39:26,697 INFO 7576 [egg-schedule]: register schedule C:\Users\Dragon-PC\Desktop\eggDemo\node_modules\egg-logrotator\app\schedule\rotate_by_file.js
2019-07-28 15:40:38,505 INFO 7792 [egg-schedule]: register schedule C:\Users\Dragon-PC\Desktop\eggDemo\node_modules\egg-multipart\app\schedule\clean_tmpdir.js
2019-07-28 15:40:38,505 INFO 7792 [egg-schedule]: register schedule C:\Users\Dragon-PC\Desktop\eggDemo\node_modules\egg-logrotator\app\schedule\clean_log.js
2019-07-28 15:40:38,505 INFO 7792 [egg-schedule]: register schedule C:\Users\Dragon-PC\Desktop\eggDemo\node_modules\egg-logrotator\app\schedule\rotate_by_file.js
2019-07-28 21:51:47,392 INFO 2940 [egg-schedule]: register schedule C:\Users\Dragon-PC\Desktop\eggDemo\node_modules\egg-multipart\app\schedule\clean_tmpdir.js
2019-07-28 21:51:47,393 INFO 2940 [egg-schedule]: register schedule C:\Users\Dragon-PC\Desktop\eggDemo\node_modules\egg-logrotator\app\schedule\clean_log.js
2019-07-28 21:51:47,393 INFO 2940 [egg-schedule]: register schedule C:\Users\Dragon-PC\Desktop\eggDemo\node_modules\egg-logrotator\app\schedule\rotate_by_file.js
2019-07-28 21:52:49,849 INFO 8104 [egg-schedule]: register schedule C:\Users\Dragon-PC\Desktop\eggDemo\node_modules\egg-multipart\app\schedule\clean_tmpdir.js
2019-07-28 21:52:49,849 INFO 8104 [egg-schedule]: register schedule C:\Users\Dragon-PC\Desktop\eggDemo\node_modules\egg-logrotator\app\schedule\clean_log.js
2019-07-28 21:52:49,849 INFO 8104 [egg-schedule]: register schedule C:\Users\Dragon-PC\Desktop\eggDemo\node_modules\egg-logrotator\app\schedule\rotate_by_file.js
2019-07-28 21:56:09,104 INFO 7808 [egg-schedule]: register schedule C:\Users\Dragon-PC\Desktop\eggDemo\node_modules\egg-multipart\app\schedule\clean_tmpdir.js
2019-07-28 21:56:09,104 INFO 7808 [egg-schedule]: register schedule C:\Users\Dragon-PC\Desktop\eggDemo\node_modules\egg-logrotator\app\schedule\clean_log.js
2019-07-28 21:56:09,104 INFO 7808 [egg-schedule]: register schedule C:\Users\Dragon-PC\Desktop\eggDemo\node_modules\egg-logrotator\app\schedule\rotate_by_file.js
2019-07-28 21:56:33,967 INFO 3084 [egg-schedule]: register schedule C:\Users\Dragon-PC\Desktop\eggDemo\node_modules\egg-multipart\app\schedule\clean_tmpdir.js
2019-07-28 21:56:33,967 INFO 3084 [egg-schedule]: register schedule C:\Users\Dragon-PC\Desktop\eggDemo\node_modules\egg-logrotator\app\schedule\clean_log.js
2019-07-28 21:56:33,967 INFO 3084 [egg-schedule]: register schedule C:\Users\Dragon-PC\Desktop\eggDemo\node_modules\egg-logrotator\app\schedule\rotate_by_file.js
2019-07-28 21:56:35,568 INFO 7768 [egg-schedule]: register schedule C:\Users\Dragon-PC\Desktop\eggDemo\node_modules\egg-multipart\app\schedule\clean_tmpdir.js
2019-07-28 21:56:35,569 INFO 7768 [egg-schedule]: register schedule C:\Users\Dragon-PC\Desktop\eggDemo\node_modules\egg-logrotator\app\schedule\clean_log.js
2019-07-28 21:56:35,569 INFO 7768 [egg-schedule]: register schedule C:\Users\Dragon-PC\Desktop\eggDemo\node_modules\egg-logrotator\app\schedule\rotate_by_file.js
2019-07-28 21:56:59,959 INFO 7892 [egg-schedule]: register schedule C:\Users\Dragon-PC\Desktop\eggDemo\node_modules\egg-multipart\app\schedule\clean_tmpdir.js
2019-07-28 21:56:59,959 INFO 7892 [egg-schedule]: register schedule C:\Users\Dragon-PC\Desktop\eggDemo\node_modules\egg-logrotator\app\schedule\clean_log.js
2019-07-28 21:56:59,959 INFO 7892 [egg-schedule]: register schedule C:\Users\Dragon-PC\Desktop\eggDemo\node_modules\egg-logrotator\app\schedule\rotate_by_file.js
2019-07-28 21:58:03,913 INFO 7280 [egg-schedule]: register schedule C:\Users\Dragon-PC\Desktop\eggDemo\node_modules\egg-multipart\app\schedule\clean_tmpdir.js
2019-07-28 21:58:03,913 INFO 7280 [egg-schedule]: register schedule C:\Users\Dragon-PC\Desktop\eggDemo\node_modules\egg-logrotator\app\schedule\clean_log.js
2019-07-28 21:58:03,913 INFO 7280 [egg-schedule]: register schedule C:\Users\Dragon-PC\Desktop\eggDemo\node_modules\egg-logrotator\app\schedule\rotate_by_file.js
2019-07-28 21:58:09,239 INFO 3248 [egg-schedule]: register schedule C:\Users\Dragon-PC\Desktop\eggDemo\node_modules\egg-multipart\app\schedule\clean_tmpdir.js
2019-07-28 21:58:09,239 INFO 3248 [egg-schedule]: register schedule C:\Users\Dragon-PC\Desktop\eggDemo\node_modules\egg-logrotator\app\schedule\clean_log.js
2019-07-28 21:58:09,239 INFO 3248 [egg-schedule]: register schedule C:\Users\Dragon-PC\Desktop\eggDemo\node_modules\egg-logrotator\app\schedule\rotate_by_file.js
2019-07-28 21:58:39,288 INFO 6816 [egg-schedule]: register schedule C:\Users\Dragon-PC\Desktop\eggDemo\node_modules\egg-multipart\app\schedule\clean_tmpdir.js
2019-07-28 21:58:39,288 INFO 6816 [egg-schedule]: register schedule C:\Users\Dragon-PC\Desktop\eggDemo\node_modules\egg-logrotator\app\schedule\clean_log.js
2019-07-28 21:58:39,288 INFO 6816 [egg-schedule]: register schedule C:\Users\Dragon-PC\Desktop\eggDemo\node_modules\egg-logrotator\app\schedule\rotate_by_file.js
2019-07-28 21:58:42,128 INFO 7552 [egg-schedule]: register schedule C:\Users\Dragon-PC\Desktop\eggDemo\node_modules\egg-multipart\app\schedule\clean_tmpdir.js
2019-07-28 21:58:42,128 INFO 7552 [egg-schedule]: register schedule C:\Users\Dragon-PC\Desktop\eggDemo\node_modules\egg-logrotator\app\schedule\clean_log.js
2019-07-28 21:58:42,128 INFO 7552 [egg-schedule]: register schedule C:\Users\Dragon-PC\Desktop\eggDemo\node_modules\egg-logrotator\app\schedule\rotate_by_file.js
2019-07-28 22:00:03,951 INFO 7280 [egg-schedule]: register schedule C:\Users\Dragon-PC\Desktop\eggDemo\node_modules\egg-multipart\app\schedule\clean_tmpdir.js
2019-07-28 22:00:03,951 INFO 7280 [egg-schedule]: register schedule C:\Users\Dragon-PC\Desktop\eggDemo\node_modules\egg-logrotator\app\schedule\clean_log.js
2019-07-28 22:00:03,951 INFO 7280 [egg-schedule]: register schedule C:\Users\Dragon-PC\Desktop\eggDemo\node_modules\egg-logrotator\app\schedule\rotate_by_file.js
2019-07-28 22:00:25,934 INFO 8132 [egg-schedule]: register schedule C:\Users\Dragon-PC\Desktop\eggDemo\node_modules\egg-multipart\app\schedule\clean_tmpdir.js
2019-07-28 22:00:25,934 INFO 8132 [egg-schedule]: register schedule C:\Users\Dragon-PC\Desktop\eggDemo\node_modules\egg-logrotator\app\schedule\clean_log.js
2019-07-28 22:00:25,934 INFO 8132 [egg-schedule]: register schedule C:\Users\Dragon-PC\Desktop\eggDemo\node_modules\egg-logrotator\app\schedule\rotate_by_file.js
2019-07-28 22:01:00,908 INFO 4236 [egg-schedule]: register schedule C:\Users\Dragon-PC\Desktop\eggDemo\node_modules\egg-multipart\app\schedule\clean_tmpdir.js
2019-07-28 22:01:00,908 INFO 4236 [egg-schedule]: register schedule C:\Users\Dragon-PC\Desktop\eggDemo\node_modules\egg-logrotator\app\schedule\clean_log.js
2019-07-28 22:01:00,908 INFO 4236 [egg-schedule]: register schedule C:\Users\Dragon-PC\Desktop\eggDemo\node_modules\egg-logrotator\app\schedule\rotate_by_file.js
2019-07-28 22:01:09,189 INFO 8068 [egg-schedule]: register schedule C:\Users\Dragon-PC\Desktop\eggDemo\node_modules\egg-multipart\app\schedule\clean_tmpdir.js
2019-07-28 22:01:09,189 INFO 8068 [egg-schedule]: register schedule C:\Users\Dragon-PC\Desktop\eggDemo\node_modules\egg-logrotator\app\schedule\clean_log.js
2019-07-28 22:01:09,189 INFO 8068 [egg-schedule]: register schedule C:\Users\Dragon-PC\Desktop\eggDemo\node_modules\egg-logrotator\app\schedule\rotate_by_file.js
2019-07-28 22:01:13,788 INFO 6648 [egg-schedule]: register schedule C:\Users\Dragon-PC\Desktop\eggDemo\node_modules\egg-multipart\app\schedule\clean_tmpdir.js
2019-07-28 22:01:13,788 INFO 6648 [egg-schedule]: register schedule C:\Users\Dragon-PC\Desktop\eggDemo\node_modules\egg-logrotator\app\schedule\clean_log.js
2019-07-28 22:01:13,788 INFO 6648 [egg-schedule]: register schedule C:\Users\Dragon-PC\Desktop\eggDemo\node_modules\egg-logrotator\app\schedule\rotate_by_file.js
2019-07-28 22:09:05,109 INFO 692 [egg-schedule]: register schedule C:\Users\Dragon-PC\Desktop\eggDemo\node_modules\egg-multipart\app\schedule\clean_tmpdir.js
2019-07-28 22:09:05,109 INFO 692 [egg-schedule]: register schedule C:\Users\Dragon-PC\Desktop\eggDemo\node_modules\egg-logrotator\app\schedule\clean_log.js
2019-07-28 22:09:05,109 INFO 692 [egg-schedule]: register schedule C:\Users\Dragon-PC\Desktop\eggDemo\node_modules\egg-logrotator\app\schedule\rotate_by_file.js
2019-07-28 22:10:42,506 INFO 964 [egg-schedule]: register schedule C:\Users\Dragon-PC\Desktop\eggDemo\node_modules\egg-multipart\app\schedule\clean_tmpdir.js
2019-07-28 22:10:42,507 INFO 964 [egg-schedule]: register schedule C:\Users\Dragon-PC\Desktop\eggDemo\node_modules\egg-logrotator\app\schedule\clean_log.js
2019-07-28 22:10:42,507 INFO 964 [egg-schedule]: register schedule C:\Users\Dragon-PC\Desktop\eggDemo\node_modules\egg-logrotator\app\schedule\rotate_by_file.js
2019-07-28 22:12:23,736 INFO 6092 [egg-schedule]: register schedule C:\Users\Dragon-PC\Desktop\eggDemo\node_modules\egg-multipart\app\schedule\clean_tmpdir.js
2019-07-28 22:12:23,736 INFO 6092 [egg-schedule]: register schedule C:\Users\Dragon-PC\Desktop\eggDemo\node_modules\egg-logrotator\app\schedule\clean_log.js
2019-07-28 22:12:23,736 INFO 6092 [egg-schedule]: register schedule C:\Users\Dragon-PC\Desktop\eggDemo\node_modules\egg-logrotator\app\schedule\rotate_by_file.js
